Log file open, 11/12/22 15:03:46
LogWindows: Failed to load 'aqProf.dll' (GetLastError=126)
LogWindows: File 'aqProf.dll' does not exist
LogWindows: Failed to load 'VtuneApi.dll' (GetLastError=126)
LogWindows: File 'VtuneApi.dll' does not exist
LogWindows: Failed to load 'VtuneApi32e.dll' (GetLastError=126)
LogWindows: File 'VtuneApi32e.dll' does not exist
LogConsoleResponse: Display: Failed to find resolution value strings in scalability ini. Falling back to default.
LogConsoleResponse: Display: Failed to find resolution value strings in scalability ini. Falling back to default.
LogInit: Display: Running engine for game: FinalProject415
LogPlatformFile: Not using cached read wrapper
LogTaskGraph: Started task graph with 5 named threads and 23 total threads with 3 sets of task threads.
LogStats: Stats thread started at 0.350154
LogICUInternationalization: ICU TimeZone Detection - Raw Offset: -6:00, Platform Override: ''
LogInit: Display: Loading text-based GConfig....
LogPluginManager: Mounting plugin MeshPainting
LogPluginManager: Mounting plugin XGEController
LogPluginManager: Mounting plugin Paper2D
LogPluginManager: Mounting plugin LiveLink
LogPluginManager: Mounting plugin OodleData
LogPluginManager: Mounting plugin CameraShakePreviewer
LogPluginManager: Mounting plugin OodleNetwork
LogPluginManager: Mounting plugin GameplayCameras
LogPluginManager: Mounting plugin AnimationSharing
LogPluginManager: Mounting plugin CLionSourceCodeAccess
LogPluginManager: Mounting plugin CodeLiteSourceCodeAccess
LogPluginManager: Mounting plugin GitSourceControl
LogPluginManager: Mounting plugin KDevelopSourceCodeAccess
LogPluginManager: Mounting plugin NullSourceCodeAccess
LogPluginManager: Mounting plugin PerforceSourceControl
LogPluginManager: Mounting plugin PixWinPlugin
LogPluginManager: Mounting plugin PluginUtils
LogPluginManager: Mounting plugin PlasticSourceControl
LogPluginManager: Mounting plugin PropertyAccessNode
LogPluginManager: Mounting plugin RiderSourceCodeAccess
LogPluginManager: Mounting plugin SubversionSourceControl
LogPluginManager: Mounting plugin TextureFormatOodle
LogPluginManager: Mounting plugin UObjectPlugin
LogPluginManager: Mounting plugin VisualStudioCodeSourceCodeAccess
LogPluginManager: Mounting plugin VisualStudioSourceCodeAccess
LogPluginManager: Mounting plugin XCodeSourceCodeAccess
LogPluginManager: Mounting plugin AssetManagerEditor
LogPluginManager: Mounting plugin CryptoKeys
LogPluginManager: Mounting plugin CurveEditorTools
LogPluginManager: Mounting plugin DataValidation
LogPluginManager: Mounting plugin FacialAnimation
LogPluginManager: Mounting plugin GameplayTagsEditor
LogPluginManager: Mounting plugin GeometryMode
LogPluginManager: Mounting plugin MacGraphicsSwitching
LogPluginManager: Mounting plugin MaterialAnalyzer
LogPluginManager: Mounting plugin MobileLauncherProfileWizard
LogPluginManager: Mounting plugin PluginBrowser
LogPluginManager: Mounting plugin SpeedTreeImporter
LogPluginManager: Mounting plugin DatasmithContent
LogPluginManager: Mounting plugin VariantManagerContent
LogPluginManager: Mounting plugin Niagara
LogPluginManager: Mounting plugin AlembicImporter
LogPluginManager: Mounting plugin BackChannel
LogPluginManager: Mounting plugin AutomationUtils
LogPluginManager: Mounting plugin ChaosClothEditor
LogPluginManager: Mounting plugin ChaosCloth
LogPluginManager: Mounting plugin ChaosSolverPlugin
LogPluginManager: Mounting plugin ChaosEditor
LogPluginManager: Mounting plugin ChaosNiagara
LogPluginManager: Mounting plugin CharacterAI
LogPluginManager: Mounting plugin GeometryCache
LogPluginManager: Mounting plugin GeometryProcessing
LogPluginManager: Mounting plugin GeometryCollectionPlugin
LogPluginManager: Mounting plugin MotoSynth
LogPluginManager: Mounting plugin OpenImageDenoise
LogPluginManager: Mounting plugin PlanarCut
LogPluginManager: Mounting plugin PlatformCrypto
LogPluginManager: Mounting plugin ProxyLODPlugin
LogPluginManager: Mounting plugin PythonScriptPlugin
LogPluginManager: Mounting plugin SkeletalReduction
LogPluginManager: Mounting plugin LuminPlatformFeatures
LogPluginManager: Mounting plugin MagicLeap
LogPluginManager: Mounting plugin MagicLeapLightEstimation
LogPluginManager: Mounting plugin MagicLeapMedia
LogPluginManager: Mounting plugin MagicLeapPassableWorld
LogPluginManager: Mounting plugin AndroidMedia
LogPluginManager: Mounting plugin AvfMedia
LogPluginManager: Mounting plugin MLSDK
LogPluginManager: Mounting plugin ImgMedia
LogPluginManager: Mounting plugin MediaCompositing
LogPluginManager: Mounting plugin MediaPlayerEditor
LogPluginManager: Mounting plugin WebMMedia
LogPluginManager: Mounting plugin WmfMedia
LogPluginManager: Mounting plugin UdpMessaging
LogPluginManager: Mounting plugin ActorSequence
LogPluginManager: Mounting plugin TcpMessaging
LogPluginManager: Mounting plugin LevelSequenceEditor
LogPluginManager: Mounting plugin MatineeToLevelSequence
LogPluginManager: Mounting plugin LauncherChunkInstaller
LogPluginManager: Mounting plugin AISupport
LogPluginManager: Mounting plugin TemplateSequence
LogPluginManager: Mounting plugin EnvironmentQueryEditor
LogPluginManager: Mounting plugin ActorLayerUtilities
LogPluginManager: Mounting plugin AndroidDeviceProfileSelector
LogPluginManager: Mounting plugin AndroidMoviePlayer
LogPluginManager: Mounting plugin AndroidPermission
LogPluginManager: Mounting plugin AppleImageUtils
LogPluginManager: Mounting plugin AppleMoviePlayer
LogPluginManager: Mounting plugin ScreenshotTools
LogPluginManager: Mounting plugin AssetTags
LogPluginManager: Mounting plugin AudioCapture
LogPluginManager: Mounting plugin ArchVisCharacter
LogPluginManager: Mounting plugin AudioSynesthesia
LogPluginManager: Mounting plugin CableComponent
LogPluginManager: Mounting plugin CustomMeshComponent
LogPluginManager: Mounting plugin ChunkDownloader
LogPluginManager: Mounting plugin EditableMesh
LogPluginManager: Mounting plugin ExampleDeviceProfileSelector
LogPluginManager: Mounting plugin GoogleCloudMessaging
LogPluginManager: Mounting plugin GooglePAD
LogPluginManager: Mounting plugin Takes
LogPluginManager: Mounting plugin IOSDeviceProfileSelector
LogPluginManager: Mounting plugin LinuxDeviceProfileSelector
LogPluginManager: Mounting plugin LocationServicesBPLibrary
LogPluginManager: Mounting plugin MobilePatchingUtils
LogPluginManager: Mounting plugin OpenXR
LogPluginManager: Mounting plugin OpenXREyeTracker
LogPluginManager: Mounting plugin OpenXRHandTracking
LogPluginManager: Mounting plugin PhysXVehicles
LogPluginManager: Mounting plugin PostSplashScreen
LogPluginManager: Mounting plugin ProceduralMeshComponent
LogPluginManager: Mounting plugin PropertyAccessEditor
LogPluginManager: Mounting plugin SignificanceManager
LogPluginManager: Mounting plugin RuntimePhysXCooking
LogPluginManager: Mounting plugin SoundFields
LogPluginManager: Mounting plugin Synthesis
LogPluginManager: Mounting plugin WebMMoviePlayer
LogPluginManager: Mounting plugin WindowsMoviePlayer
LogPluginManager: Mounting plugin LightPropagationVolume
LogPluginManager: Mounting plugin OnlineSubsystem
LogPluginManager: Mounting plugin OnlineSubsystemNull
LogPluginManager: Mounting plugin OnlineSubsystemUtils
LogPluginManager: Mounting plugin ContentBrowserAssetDataSource
LogPluginManager: Mounting plugin ContentBrowserClassDataSource
LogPluginManager: Mounting plugin ContentBrowserFileDataSource
LogPluginManager: Mounting plugin OculusVR
LogPluginManager: Mounting plugin SteamVR
LogPluginManager: Mounting plugin OnlineSubsystemGooglePlay
LogPluginManager: Mounting plugin OnlineSubsystemIOS
PixWinPlugin: PIX capture plugin failed to initialize! Check that the process is launched from PIX.
LogInit: Using libcurl 7.55.1-DEV
LogInit:  - built for x86_64-pc-win32
LogInit:  - supports SSL with OpenSSL/1.1.1
LogInit:  - supports HTTP deflate (compression) using libz 1.2.8
LogInit:  - other features:
LogInit:      CURL_VERSION_SSL
LogInit:      CURL_VERSION_LIBZ
LogInit:      CURL_VERSION_IPV6
LogInit:      CURL_VERSION_ASYNCHDNS
LogInit:      CURL_VERSION_LARGEFILE
LogInit:      CURL_VERSION_IDN
LogInit:  CurlRequestOptions (configurable via config and command line):
LogInit:  - bVerifyPeer = true  - Libcurl will verify peer certificate
LogInit:  - bUseHttpProxy = false  - Libcurl will NOT use HTTP proxy
LogInit:  - bDontReuseConnections = false  - Libcurl will reuse connections
LogInit:  - MaxHostConnections = 16  - Libcurl will limit the number of connections to a host
LogInit:  - LocalHostAddr = Default
LogInit:  - BufferSize = 65536
LogOnline: OSS: Creating online subsystem instance for: NULL
LogInit: WinSock: version 1.1 (2.2), MaxSocks=32767, MaxUdp=65467
LogOnline: OSS: TryLoadSubsystemAndSetDefault: Loaded subsystem for module [NULL]
LogOculusPluginWrapper: OculusPlugin initialized successfully
LogHMD: Failed initializing OVRPlugin 1.59.0
LogInit: Build: ++UE4+Release-4.27-CL-18319896
LogInit: Engine Version: 4.27.2-18319896+++UE4+Release-4.27
LogInit: Compatible Engine Version: 4.27.0-17155196+++UE4+Release-4.27
LogInit: Net CL: 17155196
LogInit: OS: Windows 10 (Release 2009) (), CPU: Intel(R) Xeon(R) W-2223 CPU @ 3.60GHz, GPU: NVIDIA GeForce RTX 3090
LogInit: Compiled (64-bit): Nov 30 2021 07:12:08
LogInit: Compiled with Visual C++: 19.24.28315.00
LogInit: Build Configuration: Development
LogInit: Branch Name: ++UE4+Release-4.27
LogInit: Command Line:  -EpicPortal -epicusername=hariniaru -epicuserid=f068e5686ba84184b6ad35b4abb6b29b -epiclocale=en -epicsandboxid=ue
LogInit: Base Directory: C:/Program Files/Epic Games/UE_4.27/Engine/Binaries/Win64/
LogInit: Allocator: TBB
LogInit: Installed Engine Build: 1
LogDevObjectVersion: Number of dev versions registered: 29
LogDevObjectVersion:   Dev-Blueprints (B0D832E4-1F89-4F0D-ACCF-7EB736FD4AA2): 10
LogDevObjectVersion:   Dev-Build (E1C64328-A22C-4D53-A36C-8E866417BD8C): 0
LogDevObjectVersion:   Dev-Core (375EC13C-06E4-48FB-B500-84F0262A717E): 4
LogDevObjectVersion:   Dev-Editor (E4B068ED-F494-42E9-A231-DA0B2E46BB41): 40
LogDevObjectVersion:   Dev-Framework (CFFC743F-43B0-4480-9391-14DF171D2073): 37
LogDevObjectVersion:   Dev-Mobile (B02B49B5-BB20-44E9-A304-32B752E40360): 3
LogDevObjectVersion:   Dev-Networking (A4E4105C-59A1-49B5-A7C5-40C4547EDFEE): 0
LogDevObjectVersion:   Dev-Online (39C831C9-5AE6-47DC-9A44-9C173E1C8E7C): 0
LogDevObjectVersion:   Dev-Physics (78F01B33-EBEA-4F98-B9B4-84EACCB95AA2): 14
LogDevObjectVersion:   Dev-Platform (6631380F-2D4D-43E0-8009-CF276956A95A): 0
LogDevObjectVersion:   Dev-Rendering (12F88B9F-8875-4AFC-A67C-D90C383ABD29): 45
LogDevObjectVersion:   Dev-Sequencer (7B5AE74C-D270-4C10-A958-57980B212A5A): 13
LogDevObjectVersion:   Dev-VR (D7296918-1DD6-4BDD-9DE2-64A83CC13884): 3
LogDevObjectVersion:   Dev-LoadTimes (C2A15278-BFE7-4AFE-6C17-90FF531DF755): 1
LogDevObjectVersion:   Private-Geometry (6EACA3D4-40EC-4CC1-B786-8BED09428FC5): 3
LogDevObjectVersion:   Dev-AnimPhys (29E575DD-E0A3-4627-9D10-D276232CDCEA): 17
LogDevObjectVersion:   Dev-Anim (AF43A65D-7FD3-4947-9873-3E8ED9C1BB05): 15
LogDevObjectVersion:   Dev-ReflectionCapture (6B266CEC-1EC7-4B8F-A30B-E4D90942FC07): 1
LogDevObjectVersion:   Dev-Automation (0DF73D61-A23F-47EA-B727-89E90C41499A): 1
LogDevObjectVersion:   FortniteMain (601D1886-AC64-4F84-AA16-D3DE0DEAC7D6): 47
LogDevObjectVersion:   FortniteRelease (E7086368-6B23-4C58-8439-1B7016265E91): 1
LogDevObjectVersion:   Dev-Enterprise (9DFFBCD6-494F-0158-E221-12823C92A888): 10
LogDevObjectVersion:   Dev-Niagara (F2AED0AC-9AFE-416F-8664-AA7FFA26D6FC): 1
LogDevObjectVersion:   Dev-Destruction (174F1F0B-B4C6-45A5-B13F-2EE8D0FB917D): 10
LogDevObjectVersion:   Dev-Physics-Ext (35F94A83-E258-406C-A318-09F59610247C): 41
LogDevObjectVersion:   Dev-PhysicsMaterial-Chaos (B68FC16E-8B1B-42E2-B453-215C058844FE): 1
LogDevObjectVersion:   Dev-CineCamera (B2E18506-4273-CFC2-A54E-F4BB758BBA07): 1
LogDevObjectVersion:   Dev-VirtualProduction (64F58936-FD1B-42BA-BA96-7289D5D0FA4E): 1
LogDevObjectVersion:   Dev-MediaFramework (6F0ED827-A609-4895-9C91-998D90180EA4): 2
LogInit: Presizing for max 25165824 objects, including 0 objects not considered by GC, pre-allocating 0 bytes for permanent pool.
LogConfig: Applying CVar settings from Section [/Script/Engine.StreamingSettings] File [U:/Documents/Unreal Projects/415GameDev_FinalProject/FinalProject415/Saved/Config/Windows/Engine.ini]
LogConfig: Setting CVar [[s.MinBulkDataSizeForAsyncLoading:131072]]
LogConfig: Setting CVar [[s.AsyncLoadingThreadEnabled:0]]
LogConfig: Setting CVar [[s.EventDrivenLoaderEnabled:1]]
LogConfig: Setting CVar [[s.WarnIfTimeLimitExceeded:0]]
LogConfig: Setting CVar [[s.TimeLimitExceededMultiplier:1.5]]
LogConfig: Setting CVar [[s.TimeLimitExceededMinTime:0.005]]
LogConfig: Setting CVar [[s.UseBackgroundLevelStreaming:1]]
LogConfig: Setting CVar [[s.PriorityAsyncLoadingExtraTime:15.0]]
LogConfig: Setting CVar [[s.LevelStreamingActorsUpdateTimeLimit:5.0]]
LogConfig: Setting CVar [[s.PriorityLevelStreamingActorsUpdateExtraTime:5.0]]
LogConfig: Setting CVar [[s.LevelStreamingComponentsRegistrationGranularity:10]]
LogConfig: Setting CVar [[s.UnregisterComponentsTimeLimit:1.0]]
LogConfig: Setting CVar [[s.LevelStreamingComponentsUnregistrationGranularity:5]]
LogConfig: Setting CVar [[s.FlushStreamingOnExit:1]]
LogInit: Object subsystem initialized
LogConfig: Setting CVar [[con.DebugEarlyDefault:1]]
LogConfig: Setting CVar [[r.setres:1280x720]]
[2022.11.12-21.03.48:316][  0]LogConfig: Setting CVar [[r.VSync:0]]
[2022.11.12-21.03.48:316][  0]LogConfig: Setting CVar [[r.RHICmdBypass:0]]
[2022.11.12-21.03.48:316][  0]LogConfig: Applying CVar settings from Section [/Script/Engine.RendererSettings] File [U:/Documents/Unreal Projects/415GameDev_FinalProject/FinalProject415/Saved/Config/Windows/Engine.ini]
[2022.11.12-21.03.48:316][  0]LogConfig: Setting CVar [[r.GPUCrashDebugging:0]]
[2022.11.12-21.03.48:316][  0]LogConfig: Applying CVar settings from Section [/Script/Engine.RendererOverrideSettings] File [U:/Documents/Unreal Projects/415GameDev_FinalProject/FinalProject415/Saved/Config/Windows/Engine.ini]
[2022.11.12-21.03.48:316][  0]LogConfig: Applying CVar settings from Section [/Script/Engine.StreamingSettings] File [U:/Documents/Unreal Projects/415GameDev_FinalProject/FinalProject415/Saved/Config/Windows/Engine.ini]
[2022.11.12-21.03.48:316][  0]LogConfig: Setting CVar [[s.MinBulkDataSizeForAsyncLoading:131072]]
[2022.11.12-21.03.48:316][  0]LogConfig: Setting CVar [[s.AsyncLoadingThreadEnabled:0]]
[2022.11.12-21.03.48:316][  0]LogConfig: Setting CVar [[s.EventDrivenLoaderEnabled:1]]
[2022.11.12-21.03.48:316][  0]LogConfig: Setting CVar [[s.WarnIfTimeLimitExceeded:0]]
[2022.11.12-21.03.48:316][  0]LogConfig: Setting CVar [[s.TimeLimitExceededMultiplier:1.5]]
[2022.11.12-21.03.48:316][  0]LogConfig: Setting CVar [[s.TimeLimitExceededMinTime:0.005]]
[2022.11.12-21.03.48:316][  0]LogConfig: Setting CVar [[s.UseBackgroundLevelStreaming:1]]
[2022.11.12-21.03.48:316][  0]LogConfig: Setting CVar [[s.PriorityAsyncLoadingExtraTime:15.0]]
[2022.11.12-21.03.48:316][  0]LogConfig: Setting CVar [[s.LevelStreamingActorsUpdateTimeLimit:5.0]]
[2022.11.12-21.03.48:316][  0]LogConfig: Setting CVar [[s.PriorityLevelStreamingActorsUpdateExtraTime:5.0]]
[2022.11.12-21.03.48:316][  0]LogConfig: Setting CVar [[s.LevelStreamingComponentsRegistrationGranularity:10]]
[2022.11.12-21.03.48:316][  0]LogConfig: Setting CVar [[s.UnregisterComponentsTimeLimit:1.0]]
[2022.11.12-21.03.48:316][  0]LogConfig: Setting CVar [[s.LevelStreamingComponentsUnregistrationGranularity:5]]
[2022.11.12-21.03.48:316][  0]LogConfig: Setting CVar [[s.FlushStreamingOnExit:1]]
[2022.11.12-21.03.48:316][  0]LogConfig: Applying CVar settings from Section [/Script/Engine.GarbageCollectionSettings] File [U:/Documents/Unreal Projects/415GameDev_FinalProject/FinalProject415/Saved/Config/Windows/Engine.ini]
[2022.11.12-21.03.48:316][  0]LogConfig: Setting CVar [[gc.MaxObjectsNotConsideredByGC:1]]
[2022.11.12-21.03.48:316][  0]LogConfig: Setting CVar [[gc.SizeOfPermanentObjectPool:0]]
[2022.11.12-21.03.48:316][  0]LogConfig: Setting CVar [[gc.FlushStreamingOnGC:0]]
[2022.11.12-21.03.48:316][  0]LogConfig: Setting CVar [[gc.NumRetriesBeforeForcingGC:10]]
[2022.11.12-21.03.48:316][  0]LogConfig: Setting CVar [[gc.AllowParallelGC:1]]
[2022.11.12-21.03.48:316][  0]LogConfig: Setting CVar [[gc.TimeBetweenPurgingPendingKillObjects:61.1]]
[2022.11.12-21.03.48:316][  0]LogConfig: Setting CVar [[gc.MaxObjectsInEditor:25165824]]
[2022.11.12-21.03.48:316][  0]LogConfig: Setting CVar [[gc.IncrementalBeginDestroyEnabled:1]]
[2022.11.12-21.03.48:316][  0]LogConfig: Setting CVar [[gc.CreateGCClusters:1]]
[2022.11.12-21.03.48:316][  0]LogConfig: Setting CVar [[gc.MinGCClusterSize:5]]
[2022.11.12-21.03.48:316][  0]LogConfig: Setting CVar [[gc.ActorClusteringEnabled:0]]
[2022.11.12-21.03.48:316][  0]LogConfig: Setting CVar [[gc.BlueprintClusteringEnabled:0]]
[2022.11.12-21.03.48:316][  0]LogConfig: Setting CVar [[gc.UseDisregardForGCOnDedicatedServers:0]]
[2022.11.12-21.03.48:316][  0]LogConfig: Setting CVar [[gc.MultithreadedDestructionEnabled:1]]
[2022.11.12-21.03.48:316][  0]LogConfig: Applying CVar settings from Section [/Script/Engine.NetworkSettings] File [U:/Documents/Unreal Projects/415GameDev_FinalProject/FinalProject415/Saved/Config/Windows/Engine.ini]
[2022.11.12-21.03.48:316][  0]LogConfig: Applying CVar settings from Section [/Script/UnrealEd.CookerSettings] File [U:/Documents/Unreal Projects/415GameDev_FinalProject/FinalProject415/Saved/Config/Windows/Engine.ini]
[2022.11.12-21.03.48:330][  0]LogConfig: Applying CVar settings from Section [ViewDistanceQuality@3] File [U:/Documents/Unreal Projects/415GameDev_FinalProject/FinalProject415/Saved/Config/Windows/Scalability.ini]
[2022.11.12-21.03.48:330][  0]LogConfig: Setting CVar [[r.SkeletalMeshLODBias:0]]
[2022.11.12-21.03.48:330][  0]LogConfig: Setting CVar [[r.ViewDistanceScale:1.0]]
[2022.11.12-21.03.48:330][  0]LogConfig: Applying CVar settings from Section [AntiAliasingQuality@3] File [U:/Documents/Unreal Projects/415GameDev_FinalProject/FinalProject415/Saved/Config/Windows/Scalability.ini]
[2022.11.12-21.03.48:330][  0]LogConfig: Setting CVar [[r.PostProcessAAQuality:4]]
[2022.11.12-21.03.48:330][  0]LogConfig: Applying CVar settings from Section [ShadowQuality@3] File [U:/Documents/Unreal Projects/415GameDev_FinalProject/FinalProject415/Saved/Config/Windows/Scalability.ini]
[2022.11.12-21.03.48:330][  0]LogConfig: Setting CVar [[r.LightFunctionQuality:1]]
[2022.11.12-21.03.48:330][  0]LogConfig: Setting CVar [[r.ShadowQuality:5]]
[2022.11.12-21.03.48:330][  0]LogConfig: Setting CVar [[r.Shadow.CSM.MaxCascades:10]]
[2022.11.12-21.03.48:330][  0]LogConfig: Setting CVar [[r.Shadow.MaxResolution:2048]]
[2022.11.12-21.03.48:330][  0]LogConfig: Setting CVar [[r.Shadow.MaxCSMResolution:2048]]
[2022.11.12-21.03.48:330][  0]LogConfig: Setting CVar [[r.Shadow.RadiusThreshold:0.01]]
[2022.11.12-21.03.48:330][  0]LogConfig: Setting CVar [[r.Shadow.DistanceScale:1.0]]
[2022.11.12-21.03.48:330][  0]LogConfig: Setting CVar [[r.Shadow.CSM.TransitionScale:1.0]]
[2022.11.12-21.03.48:330][  0]LogConfig: Setting CVar [[r.Shadow.PreShadowResolutionFactor:1.0]]
[2022.11.12-21.03.48:330][  0]LogConfig: Setting CVar [[r.DistanceFieldShadowing:1]]
[2022.11.12-21.03.48:330][  0]LogConfig: Setting CVar [[r.DistanceFieldAO:1]]
[2022.11.12-21.03.48:330][  0]LogConfig: Setting CVar [[r.AOQuality:2]]
[2022.11.12-21.03.48:330][  0]LogConfig: Setting CVar [[r.VolumetricFog:1]]
[2022.11.12-21.03.48:330][  0]LogConfig: Setting CVar [[r.VolumetricFog.GridPixelSize:8]]
[2022.11.12-21.03.48:330][  0]LogConfig: Setting CVar [[r.VolumetricFog.GridSizeZ:128]]
[2022.11.12-21.03.48:330][  0]LogConfig: Setting CVar [[r.VolumetricFog.HistoryMissSupersampleCount:4]]
[2022.11.12-21.03.48:330][  0]LogConfig: Setting CVar [[r.LightMaxDrawDistanceScale:1]]
[2022.11.12-21.03.48:330][  0]LogConfig: Setting CVar [[r.CapsuleShadows:1]]
[2022.11.12-21.03.48:330][  0]LogConfig: Applying CVar settings from Section [PostProcessQuality@3] File [U:/Documents/Unreal Projects/415GameDev_FinalProject/FinalProject415/Saved/Config/Windows/Scalability.ini]
[2022.11.12-21.03.48:331][  0]LogConfig: Setting CVar [[r.MotionBlurQuality:4]]
[2022.11.12-21.03.48:331][  0]LogConfig: Setting CVar [[r.AmbientOcclusionMipLevelFactor:0.4]]
[2022.11.12-21.03.48:331][  0]LogConfig: Setting CVar [[r.AmbientOcclusionMaxQuality:100]]
[2022.11.12-21.03.48:331][  0]LogConfig: Setting CVar [[r.AmbientOcclusionLevels:-1]]
[2022.11.12-21.03.48:331][  0]LogConfig: Setting CVar [[r.AmbientOcclusionRadiusScale:1.0]]
[2022.11.12-21.03.48:331][  0]LogConfig: Setting CVar [[r.DepthOfFieldQuality:2]]
[2022.11.12-21.03.48:331][  0]LogConfig: Setting CVar [[r.RenderTargetPoolMin:400]]
[2022.11.12-21.03.48:331][  0]LogConfig: Setting CVar [[r.LensFlareQuality:2]]
[2022.11.12-21.03.48:331][  0]LogConfig: Setting CVar [[r.SceneColorFringeQuality:1]]
[2022.11.12-21.03.48:331][  0]LogConfig: Setting CVar [[r.EyeAdaptationQuality:2]]
[2022.11.12-21.03.48:331][  0]LogConfig: Setting CVar [[r.BloomQuality:5]]
[2022.11.12-21.03.48:331][  0]LogConfig: Setting CVar [[r.FastBlurThreshold:100]]
[2022.11.12-21.03.48:331][  0]LogConfig: Setting CVar [[r.Upscale.Quality:3]]
[2022.11.12-21.03.48:331][  0]LogConfig: Setting CVar [[r.Tonemapper.GrainQuantization:1]]
[2022.11.12-21.03.48:331][  0]LogConfig: Setting CVar [[r.LightShaftQuality:1]]
[2022.11.12-21.03.48:331][  0]LogConfig: Setting CVar [[r.Filter.SizeScale:1]]
[2022.11.12-21.03.48:331][  0]LogConfig: Setting CVar [[r.Tonemapper.Quality:5]]
[2022.11.12-21.03.48:331][  0]LogConfig: Setting CVar [[r.DOF.Gather.AccumulatorQuality:1        ; higher gathering accumulator quality]]
[2022.11.12-21.03.48:331][  0]LogConfig: Setting CVar [[r.DOF.Gather.PostfilterMethod:1          ; Median3x3 postfilering method]]
[2022.11.12-21.03.48:331][  0]LogConfig: Setting CVar [[r.DOF.Gather.EnableBokehSettings:0       ; no bokeh simulation when gathering]]
[2022.11.12-21.03.48:331][  0]LogConfig: Setting CVar [[r.DOF.Gather.RingCount:4                 ; medium number of samples when gathering]]
[2022.11.12-21.03.48:331][  0]LogConfig: Setting CVar [[r.DOF.Scatter.ForegroundCompositing:1    ; additive foreground scattering]]
[2022.11.12-21.03.48:331][  0]LogConfig: Setting CVar [[r.DOF.Scatter.BackgroundCompositing:2    ; additive background scattering]]
[2022.11.12-21.03.48:331][  0]LogConfig: Setting CVar [[r.DOF.Scatter.EnableBokehSettings:1      ; bokeh simulation when scattering]]
[2022.11.12-21.03.48:331][  0]LogConfig: Setting CVar [[r.DOF.Scatter.MaxSpriteRatio:0.1         ; only a maximum of 10% of scattered bokeh]]
[2022.11.12-21.03.48:331][  0]LogConfig: Setting CVar [[r.DOF.Recombine.Quality:1                ; cheap slight out of focus]]
[2022.11.12-21.03.48:331][  0]LogConfig: Setting CVar [[r.DOF.Recombine.EnableBokehSettings:0    ; no bokeh simulation on slight out of focus]]
[2022.11.12-21.03.48:331][  0]LogConfig: Setting CVar [[r.DOF.TemporalAAQuality:1                ; more stable temporal accumulation]]
[2022.11.12-21.03.48:331][  0]LogConfig: Setting CVar [[r.DOF.Kernel.MaxForegroundRadius:0.025]]
[2022.11.12-21.03.48:331][  0]LogConfig: Setting CVar [[r.DOF.Kernel.MaxBackgroundRadius:0.025]]
[2022.11.12-21.03.48:331][  0]LogConfig: Applying CVar settings from Section [TextureQuality@3] File [U:/Documents/Unreal Projects/415GameDev_FinalProject/FinalProject415/Saved/Config/Windows/Scalability.ini]
[2022.11.12-21.03.48:331][  0]LogConfig: Setting CVar [[r.Streaming.MipBias:0]]
[2022.11.12-21.03.48:331][  0]LogConfig: Setting CVar [[r.Streaming.AmortizeCPUToGPUCopy:0]]
[2022.11.12-21.03.48:331][  0]LogConfig: Setting CVar [[r.Streaming.MaxNumTexturesToStreamPerFrame:0]]
[2022.11.12-21.03.48:331][  0]LogConfig: Setting CVar [[r.Streaming.Boost:1]]
[2022.11.12-21.03.48:331][  0]LogConfig: Setting CVar [[r.MaxAnisotropy:8]]
[2022.11.12-21.03.48:331][  0]LogConfig: Setting CVar [[r.VT.MaxAnisotropy:8]]
[2022.11.12-21.03.48:331][  0]LogConfig: Setting CVar [[r.Streaming.LimitPoolSizeToVRAM:0]]
[2022.11.12-21.03.48:331][  0]LogConfig: Setting CVar [[r.Streaming.PoolSize:1000]]
[2022.11.12-21.03.48:331][  0]LogConfig: Setting CVar [[r.Streaming.MaxEffectiveScreenSize:0]]
[2022.11.12-21.03.48:331][  0]LogConfig: Applying CVar settings from Section [EffectsQuality@3] File [U:/Documents/Unreal Projects/415GameDev_FinalProject/FinalProject415/Saved/Config/Windows/Scalability.ini]
[2022.11.12-21.03.48:331][  0]LogConfig: Setting CVar [[r.TranslucencyLightingVolumeDim:64]]
[2022.11.12-21.03.48:331][  0]LogConfig: Setting CVar [[r.RefractionQuality:2]]
[2022.11.12-21.03.48:331][  0]LogConfig: Setting CVar [[r.SSR.Quality:3]]
[2022.11.12-21.03.48:331][  0]LogConfig: Setting CVar [[r.SSR.HalfResSceneColor:0]]
[2022.11.12-21.03.48:331][  0]LogConfig: Setting CVar [[r.SceneColorFormat:4]]
[2022.11.12-21.03.48:331][  0]LogConfig: Setting CVar [[r.DetailMode:2]]
[2022.11.12-21.03.48:331][  0]LogConfig: Setting CVar [[r.TranslucencyVolumeBlur:1]]
[2022.11.12-21.03.48:331][  0]LogConfig: Setting CVar [[r.MaterialQualityLevel:1 ; High quality]]
[2022.11.12-21.03.48:331][  0]LogConfig: Setting CVar [[r.AnisotropicMaterials:1]]
[2022.11.12-21.03.48:331][  0]LogConfig: Setting CVar [[r.SSS.Scale:1]]
[2022.11.12-21.03.48:331][  0]LogConfig: Setting CVar [[r.SSS.SampleSet:2]]
[2022.11.12-21.03.48:331][  0]LogConfig: Setting CVar [[r.SSS.Quality:1]]
[2022.11.12-21.03.48:331][  0]LogConfig: Setting CVar [[r.SSS.HalfRes:0]]
[2022.11.12-21.03.48:331][  0]LogConfig: Setting CVar [[r.SSGI.Quality:3]]
[2022.11.12-21.03.48:331][  0]LogConfig: Setting CVar [[r.EmitterSpawnRateScale:1.0]]
[2022.11.12-21.03.48:331][  0]LogConfig: Setting CVar [[r.ParticleLightQuality:2]]
[2022.11.12-21.03.48:331][  0]LogConfig: Setting CVar [[r.SkyAtmosphere.AerialPerspectiveLUT.FastApplyOnOpaque:1 ; Always have FastSkyLUT 1 in this case to avoid wrong sky]]
[2022.11.12-21.03.48:331][  0]LogConfig: Setting CVar [[r.SkyAtmosphere.AerialPerspectiveLUT.SampleCountMaxPerSlice:4]]
[2022.11.12-21.03.48:331][  0]LogConfig: Setting CVar [[r.SkyAtmosphere.AerialPerspectiveLUT.DepthResolution:16.0]]
[2022.11.12-21.03.48:331][  0]LogConfig: Setting CVar [[r.SkyAtmosphere.FastSkyLUT:1]]
[2022.11.12-21.03.48:331][  0]LogConfig: Setting CVar [[r.SkyAtmosphere.FastSkyLUT.SampleCountMin:4.0]]
[2022.11.12-21.03.48:331][  0]LogConfig: Setting CVar [[r.SkyAtmosphere.FastSkyLUT.SampleCountMax:128.0]]
[2022.11.12-21.03.48:331][  0]LogConfig: Setting CVar [[r.SkyAtmosphere.SampleCountMin:4.0]]
[2022.11.12-21.03.48:331][  0]LogConfig: Setting CVar [[r.SkyAtmosphere.SampleCountMax:128.0]]
[2022.11.12-21.03.48:331][  0]LogConfig: Setting CVar [[r.SkyAtmosphere.TransmittanceLUT.UseSmallFormat:0]]
[2022.11.12-21.03.48:331][  0]LogConfig: Setting CVar [[r.SkyAtmosphere.TransmittanceLUT.SampleCount:10.0]]
[2022.11.12-21.03.48:331][  0]LogConfig: Setting CVar [[r.SkyAtmosphere.MultiScatteringLUT.SampleCount:15.0]]
[2022.11.12-21.03.48:331][  0]LogConfig: Setting CVar [[r.SkyLight.RealTimeReflectionCapture:1]]
[2022.11.12-21.03.48:331][  0]LogConfig: Applying CVar settings from Section [FoliageQuality@3] File [U:/Documents/Unreal Projects/415GameDev_FinalProject/FinalProject415/Saved/Config/Windows/Scalability.ini]
[2022.11.12-21.03.48:331][  0]LogConfig: Setting CVar [[foliage.DensityScale:1.0]]
[2022.11.12-21.03.48:331][  0]LogConfig: Setting CVar [[grass.DensityScale:1.0]]
[2022.11.12-21.03.48:331][  0]LogConfig: Applying CVar settings from Section [ShadingQuality@3] File [U:/Documents/Unreal Projects/415GameDev_FinalProject/FinalProject415/Saved/Config/Windows/Scalability.ini]
[2022.11.12-21.03.48:331][  0]LogConfig: Setting CVar [[r.HairStrands.SkyLighting.IntegrationType:2]]
[2022.11.12-21.03.48:331][  0]LogConfig: Setting CVar [[r.HairStrands.SkyAO.SampleCount:4]]
[2022.11.12-21.03.48:331][  0]LogConfig: Setting CVar [[r.HairStrands.Visibility.MSAA.SamplePerPixel:4]]
[2022.11.12-21.03.48:331][  0]LogInit: Selected Device Profile: [Windows]
[2022.11.12-21.03.48:331][  0]LogInit: Applying CVar settings loaded from the selected device profile: [Windows]
[2022.11.12-21.03.48:331][  0]LogHAL: Display: Platform has ~ 32 GB [34028560384 / 34359738368 / 32], which maps to Largest [LargestMinGB=32, LargerMinGB=12, DefaultMinGB=8, SmallerMinGB=6, SmallestMinGB=0)
[2022.11.12-21.03.48:331][  0]LogInit: Going up to parent DeviceProfile []
[2022.11.12-21.03.48:332][  0]LogConfig: Applying CVar settings from Section [ViewDistanceQuality@3] File [U:/Documents/Unreal Projects/415GameDev_FinalProject/FinalProject415/Saved/Config/Windows/Scalability.ini]
[2022.11.12-21.03.48:332][  0]LogConfig: Setting CVar [[r.SkeletalMeshLODBias:0]]
[2022.11.12-21.03.48:332][  0]LogConfig: Setting CVar [[r.ViewDistanceScale:1.0]]
[2022.11.12-21.03.48:332][  0]LogConfig: Applying CVar settings from Section [AntiAliasingQuality@3] File [U:/Documents/Unreal Projects/415GameDev_FinalProject/FinalProject415/Saved/Config/Windows/Scalability.ini]
[2022.11.12-21.03.48:332][  0]LogConfig: Setting CVar [[r.PostProcessAAQuality:4]]
[2022.11.12-21.03.48:332][  0]LogConfig: Applying CVar settings from Section [ShadowQuality@3] File [U:/Documents/Unreal Projects/415GameDev_FinalProject/FinalProject415/Saved/Config/Windows/Scalability.ini]
[2022.11.12-21.03.48:332][  0]LogConfig: Setting CVar [[r.LightFunctionQuality:1]]
[2022.11.12-21.03.48:332][  0]LogConfig: Setting CVar [[r.ShadowQuality:5]]
[2022.11.12-21.03.48:332][  0]LogConfig: Setting CVar [[r.Shadow.CSM.MaxCascades:10]]
[2022.11.12-21.03.48:332][  0]LogConfig: Setting CVar [[r.Shadow.MaxResolution:2048]]
[2022.11.12-21.03.48:332][  0]LogConfig: Setting CVar [[r.Shadow.MaxCSMResolution:2048]]
[2022.11.12-21.03.48:332][  0]LogConfig: Setting CVar [[r.Shadow.RadiusThreshold:0.01]]
[2022.11.12-21.03.48:332][  0]LogConfig: Setting CVar [[r.Shadow.DistanceScale:1.0]]
[2022.11.12-21.03.48:332][  0]LogConfig: Setting CVar [[r.Shadow.CSM.TransitionScale:1.0]]
[2022.11.12-21.03.48:332][  0]LogConfig: Setting CVar [[r.Shadow.PreShadowResolutionFactor:1.0]]
[2022.11.12-21.03.48:332][  0]LogConfig: Setting CVar [[r.DistanceFieldShadowing:1]]
[2022.11.12-21.03.48:332][  0]LogConfig: Setting CVar [[r.DistanceFieldAO:1]]
[2022.11.12-21.03.48:332][  0]LogConfig: Setting CVar [[r.AOQuality:2]]
[2022.11.12-21.03.48:332][  0]LogConfig: Setting CVar [[r.VolumetricFog:1]]
[2022.11.12-21.03.48:332][  0]LogConfig: Setting CVar [[r.VolumetricFog.GridPixelSize:8]]
[2022.11.12-21.03.48:332][  0]LogConfig: Setting CVar [[r.VolumetricFog.GridSizeZ:128]]
[2022.11.12-21.03.48:332][  0]LogConfig: Setting CVar [[r.VolumetricFog.HistoryMissSupersampleCount:4]]
[2022.11.12-21.03.48:332][  0]LogConfig: Setting CVar [[r.LightMaxDrawDistanceScale:1]]
[2022.11.12-21.03.48:332][  0]LogConfig: Setting CVar [[r.CapsuleShadows:1]]
[2022.11.12-21.03.48:332][  0]LogConfig: Applying CVar settings from Section [PostProcessQuality@3] File [U:/Documents/Unreal Projects/415GameDev_FinalProject/FinalProject415/Saved/Config/Windows/Scalability.ini]
[2022.11.12-21.03.48:332][  0]LogConfig: Setting CVar [[r.MotionBlurQuality:4]]
[2022.11.12-21.03.48:332][  0]LogConfig: Setting CVar [[r.AmbientOcclusionMipLevelFactor:0.4]]
[2022.11.12-21.03.48:332][  0]LogConfig: Setting CVar [[r.AmbientOcclusionMaxQuality:100]]
[2022.11.12-21.03.48:332][  0]LogConfig: Setting CVar [[r.AmbientOcclusionLevels:-1]]
[2022.11.12-21.03.48:332][  0]LogConfig: Setting CVar [[r.AmbientOcclusionRadiusScale:1.0]]
[2022.11.12-21.03.48:332][  0]LogConfig: Setting CVar [[r.DepthOfFieldQuality:2]]
[2022.11.12-21.03.48:332][  0]LogConfig: Setting CVar [[r.RenderTargetPoolMin:400]]
[2022.11.12-21.03.48:332][  0]LogConfig: Setting CVar [[r.LensFlareQuality:2]]
[2022.11.12-21.03.48:332][  0]LogConfig: Setting CVar [[r.SceneColorFringeQuality:1]]
[2022.11.12-21.03.48:332][  0]LogConfig: Setting CVar [[r.EyeAdaptationQuality:2]]
[2022.11.12-21.03.48:332][  0]LogConfig: Setting CVar [[r.BloomQuality:5]]
[2022.11.12-21.03.48:332][  0]LogConfig: Setting CVar [[r.FastBlurThreshold:100]]
[2022.11.12-21.03.48:332][  0]LogConfig: Setting CVar [[r.Upscale.Quality:3]]
[2022.11.12-21.03.48:332][  0]LogConfig: Setting CVar [[r.Tonemapper.GrainQuantization:1]]
[2022.11.12-21.03.48:332][  0]LogConfig: Setting CVar [[r.LightShaftQuality:1]]
[2022.11.12-21.03.48:332][  0]LogConfig: Setting CVar [[r.Filter.SizeScale:1]]
[2022.11.12-21.03.48:332][  0]LogConfig: Setting CVar [[r.Tonemapper.Quality:5]]
[2022.11.12-21.03.48:332][  0]LogConfig: Setting CVar [[r.DOF.Gather.AccumulatorQuality:1        ; higher gathering accumulator quality]]
[2022.11.12-21.03.48:332][  0]LogConfig: Setting CVar [[r.DOF.Gather.PostfilterMethod:1          ; Median3x3 postfilering method]]
[2022.11.12-21.03.48:332][  0]LogConfig: Setting CVar [[r.DOF.Gather.EnableBokehSettings:0       ; no bokeh simulation when gathering]]
[2022.11.12-21.03.48:332][  0]LogConfig: Setting CVar [[r.DOF.Gather.RingCount:4                 ; medium number of samples when gathering]]
[2022.11.12-21.03.48:332][  0]LogConfig: Setting CVar [[r.DOF.Scatter.ForegroundCompositing:1    ; additive foreground scattering]]
[2022.11.12-21.03.48:332][  0]LogConfig: Setting CVar [[r.DOF.Scatter.BackgroundCompositing:2    ; additive background scattering]]
[2022.11.12-21.03.48:332][  0]LogConfig: Setting CVar [[r.DOF.Scatter.EnableBokehSettings:1      ; bokeh simulation when scattering]]
[2022.11.12-21.03.48:332][  0]LogConfig: Setting CVar [[r.DOF.Scatter.MaxSpriteRatio:0.1         ; only a maximum of 10% of scattered bokeh]]
[2022.11.12-21.03.48:332][  0]LogConfig: Setting CVar [[r.DOF.Recombine.Quality:1                ; cheap slight out of focus]]
[2022.11.12-21.03.48:332][  0]LogConfig: Setting CVar [[r.DOF.Recombine.EnableBokehSettings:0    ; no bokeh simulation on slight out of focus]]
[2022.11.12-21.03.48:332][  0]LogConfig: Setting CVar [[r.DOF.TemporalAAQuality:1                ; more stable temporal accumulation]]
[2022.11.12-21.03.48:332][  0]LogConfig: Setting CVar [[r.DOF.Kernel.MaxForegroundRadius:0.025]]
[2022.11.12-21.03.48:332][  0]LogConfig: Setting CVar [[r.DOF.Kernel.MaxBackgroundRadius:0.025]]
[2022.11.12-21.03.48:332][  0]LogConfig: Applying CVar settings from Section [TextureQuality@3] File [U:/Documents/Unreal Projects/415GameDev_FinalProject/FinalProject415/Saved/Config/Windows/Scalability.ini]
[2022.11.12-21.03.48:332][  0]LogConfig: Setting CVar [[r.Streaming.MipBias:0]]
[2022.11.12-21.03.48:332][  0]LogConfig: Setting CVar [[r.Streaming.AmortizeCPUToGPUCopy:0]]
[2022.11.12-21.03.48:332][  0]LogConfig: Setting CVar [[r.Streaming.MaxNumTexturesToStreamPerFrame:0]]
[2022.11.12-21.03.48:332][  0]LogConfig: Setting CVar [[r.Streaming.Boost:1]]
[2022.11.12-21.03.48:332][  0]LogConfig: Setting CVar [[r.MaxAnisotropy:8]]
[2022.11.12-21.03.48:332][  0]LogConfig: Setting CVar [[r.VT.MaxAnisotropy:8]]
[2022.11.12-21.03.48:332][  0]LogConfig: Setting CVar [[r.Streaming.LimitPoolSizeToVRAM:0]]
[2022.11.12-21.03.48:332][  0]LogConfig: Setting CVar [[r.Streaming.PoolSize:1000]]
[2022.11.12-21.03.48:332][  0]LogConfig: Setting CVar [[r.Streaming.MaxEffectiveScreenSize:0]]
[2022.11.12-21.03.48:332][  0]LogConfig: Applying CVar settings from Section [EffectsQuality@3] File [U:/Documents/Unreal Projects/415GameDev_FinalProject/FinalProject415/Saved/Config/Windows/Scalability.ini]
[2022.11.12-21.03.48:332][  0]LogConfig: Setting CVar [[r.TranslucencyLightingVolumeDim:64]]
[2022.11.12-21.03.48:332][  0]LogConfig: Setting CVar [[r.RefractionQuality:2]]
[2022.11.12-21.03.48:332][  0]LogConfig: Setting CVar [[r.SSR.Quality:3]]
[2022.11.12-21.03.48:332][  0]LogConfig: Setting CVar [[r.SSR.HalfResSceneColor:0]]
[2022.11.12-21.03.48:332][  0]LogConfig: Setting CVar [[r.SceneColorFormat:4]]
[2022.11.12-21.03.48:332][  0]LogConfig: Setting CVar [[r.DetailMode:2]]
[2022.11.12-21.03.48:332][  0]LogConfig: Setting CVar [[r.TranslucencyVolumeBlur:1]]
[2022.11.12-21.03.48:332][  0]LogConfig: Setting CVar [[r.MaterialQualityLevel:1 ; High quality]]
[2022.11.12-21.03.48:332][  0]LogConfig: Setting CVar [[r.AnisotropicMaterials:1]]
[2022.11.12-21.03.48:332][  0]LogConfig: Setting CVar [[r.SSS.Scale:1]]
[2022.11.12-21.03.48:332][  0]LogConfig: Setting CVar [[r.SSS.SampleSet:2]]
[2022.11.12-21.03.48:332][  0]LogConfig: Setting CVar [[r.SSS.Quality:1]]
[2022.11.12-21.03.48:332][  0]LogConfig: Setting CVar [[r.SSS.HalfRes:0]]
[2022.11.12-21.03.48:332][  0]LogConfig: Setting CVar [[r.SSGI.Quality:3]]
[2022.11.12-21.03.48:332][  0]LogConfig: Setting CVar [[r.EmitterSpawnRateScale:1.0]]
[2022.11.12-21.03.48:332][  0]LogConfig: Setting CVar [[r.ParticleLightQuality:2]]
[2022.11.12-21.03.48:332][  0]LogConfig: Setting CVar [[r.SkyAtmosphere.AerialPerspectiveLUT.FastApplyOnOpaque:1 ; Always have FastSkyLUT 1 in this case to avoid wrong sky]]
[2022.11.12-21.03.48:332][  0]LogConfig: Setting CVar [[r.SkyAtmosphere.AerialPerspectiveLUT.SampleCountMaxPerSlice:4]]
[2022.11.12-21.03.48:332][  0]LogConfig: Setting CVar [[r.SkyAtmosphere.AerialPerspectiveLUT.DepthResolution:16.0]]
[2022.11.12-21.03.48:332][  0]LogConfig: Setting CVar [[r.SkyAtmosphere.FastSkyLUT:1]]
[2022.11.12-21.03.48:332][  0]LogConfig: Setting CVar [[r.SkyAtmosphere.FastSkyLUT.SampleCountMin:4.0]]
[2022.11.12-21.03.48:332][  0]LogConfig: Setting CVar [[r.SkyAtmosphere.FastSkyLUT.SampleCountMax:128.0]]
[2022.11.12-21.03.48:332][  0]LogConfig: Setting CVar [[r.SkyAtmosphere.SampleCountMin:4.0]]
[2022.11.12-21.03.48:332][  0]LogConfig: Setting CVar [[r.SkyAtmosphere.SampleCountMax:128.0]]
[2022.11.12-21.03.48:332][  0]LogConfig: Setting CVar [[r.SkyAtmosphere.TransmittanceLUT.UseSmallFormat:0]]
[2022.11.12-21.03.48:332][  0]LogConfig: Setting CVar [[r.SkyAtmosphere.TransmittanceLUT.SampleCount:10.0]]
[2022.11.12-21.03.48:332][  0]LogConfig: Setting CVar [[r.SkyAtmosphere.MultiScatteringLUT.SampleCount:15.0]]
[2022.11.12-21.03.48:332][  0]LogConfig: Setting CVar [[r.SkyLight.RealTimeReflectionCapture:1]]
[2022.11.12-21.03.48:332][  0]LogConfig: Applying CVar settings from Section [FoliageQuality@3] File [U:/Documents/Unreal Projects/415GameDev_FinalProject/FinalProject415/Saved/Config/Windows/Scalability.ini]
[2022.11.12-21.03.48:333][  0]LogConfig: Setting CVar [[foliage.DensityScale:1.0]]
[2022.11.12-21.03.48:333][  0]LogConfig: Setting CVar [[grass.DensityScale:1.0]]
[2022.11.12-21.03.48:333][  0]LogConfig: Applying CVar settings from Section [ShadingQuality@3] File [U:/Documents/Unreal Projects/415GameDev_FinalProject/FinalProject415/Saved/Config/Windows/Scalability.ini]
[2022.11.12-21.03.48:333][  0]LogConfig: Setting CVar [[r.HairStrands.SkyLighting.IntegrationType:2]]
[2022.11.12-21.03.48:333][  0]LogConfig: Setting CVar [[r.HairStrands.SkyAO.SampleCount:4]]
[2022.11.12-21.03.48:333][  0]LogConfig: Setting CVar [[r.HairStrands.Visibility.MSAA.SamplePerPixel:4]]
[2022.11.12-21.03.48:333][  0]LogConfig: Applying CVar settings from Section [Startup] File [../../../Engine/Config/ConsoleVariables.ini]
[2022.11.12-21.03.48:333][  0]LogConfig: Setting CVar [[net.UseAdaptiveNetUpdateFrequency:0]]
[2022.11.12-21.03.48:333][  0]LogConfig: Setting CVar [[p.chaos.AllowCreatePhysxBodies:1]]
[2022.11.12-21.03.48:333][  0]LogConfig: Setting CVar [[fx.SkipVectorVMBackendOptimizations:1]]
[2022.11.12-21.03.48:333][  0]LogConfig: Applying CVar settings from Section [ConsoleVariables] File [U:/Documents/Unreal Projects/415GameDev_FinalProject/FinalProject415/Saved/Config/Windows/Engine.ini]
[2022.11.12-21.03.48:333][  0]LogConfig: Applying CVar settings from Section [ConsoleVariables] File [U:/Documents/Unreal Projects/415GameDev_FinalProject/FinalProject415/Saved/Config/Windows/Editor.ini]
[2022.11.12-21.03.48:333][  0]LogInit: Computer: SIEBL-4107-03
[2022.11.12-21.03.48:333][  0]LogInit: User: harinia3
[2022.11.12-21.03.48:333][  0]LogInit: CPU Page size=4096, Cores=4
[2022.11.12-21.03.48:333][  0]LogInit: High frequency timer resolution =10.000000 MHz
[2022.11.12-21.03.48:333][  0]LogMemory: Memory total: Physical=31.7GB (32GB approx)
[2022.11.12-21.03.48:333][  0]LogMemory: Platform Memory Stats for Windows
[2022.11.12-21.03.48:333][  0]LogMemory: Process Physical Memory: 147.03 MB used, 147.04 MB peak
[2022.11.12-21.03.48:333][  0]LogMemory: Process Virtual Memory: 128.63 MB used, 128.63 MB peak
[2022.11.12-21.03.48:333][  0]LogMemory: Physical Memory: 8244.08 MB used,  24208.09 MB free, 32452.16 MB total
[2022.11.12-21.03.48:333][  0]LogMemory: Virtual Memory: 134190016.00 MB used,  27713.11 MB free, 134217728.00 MB total
[2022.11.12-21.03.48:339][  0]LogWindows: WindowsPlatformFeatures enabled
[2022.11.12-21.03.48:370][  0]LogInit: Physics initialised using underlying interface: PhysX
[2022.11.12-21.03.48:371][  0]LogInit: Using OS detected language (en-US).
[2022.11.12-21.03.48:371][  0]LogInit: Using OS detected locale (en-US).
[2022.11.12-21.03.48:374][  0]LogTextLocalizationManager: No specific localization for 'en-US' exists, so the 'en' localization will be used.
[2022.11.12-21.03.48:554][  0]LogInit: Setting process to per monitor DPI aware
[2022.11.12-21.03.48:576][  0]LogWindowsTextInputMethodSystem: Display: IME system deactivated.
[2022.11.12-21.03.48:596][  0]LogSlate: New Slate User Created.  User Index 0, Is Virtual User: 0
[2022.11.12-21.03.48:596][  0]LogSlate: Slate User Registered.  User Index 0, Is Virtual User: 0
[2022.11.12-21.03.48:759][  0]LogD3D11RHI: Loaded GFSDK_Aftermath_Lib.x64.dll
[2022.11.12-21.03.48:762][  0]LogHMD: Failed to initialize OpenVR with code 110
[2022.11.12-21.03.48:762][  0]LogD3D11RHI: D3D11 min allowed feature level: 11_0
[2022.11.12-21.03.48:762][  0]LogD3D11RHI: D3D11 max allowed feature level: 11_0
[2022.11.12-21.03.48:762][  0]LogD3D11RHI: D3D11 adapters:
[2022.11.12-21.03.48:884][  0]LogD3D11RHI:    0. 'NVIDIA GeForce RTX 3090' (Feature Level 11_0)
[2022.11.12-21.03.48:884][  0]LogD3D11RHI:       24348/0/16226 MB DedicatedVideo/DedicatedSystem/SharedSystem, Outputs:1, VendorId:0x10de
[2022.11.12-21.03.48:888][  0]LogD3D11RHI:    1. 'Microsoft Basic Render Driver' (Feature Level 11_0)
[2022.11.12-21.03.48:888][  0]LogD3D11RHI:       0/0/16226 MB DedicatedVideo/DedicatedSystem/SharedSystem, Outputs:0, VendorId:0x1414
[2022.11.12-21.03.48:888][  0]LogD3D11RHI: Chosen D3D11 Adapter:
[2022.11.12-21.03.48:888][  0]LogD3D11RHI:     Description : NVIDIA GeForce RTX 3090
[2022.11.12-21.03.48:888][  0]LogD3D11RHI:     VendorId    : 10de
[2022.11.12-21.03.48:888][  0]LogD3D11RHI:     DeviceId    : 2204
[2022.11.12-21.03.48:888][  0]LogD3D11RHI:     SubSysId    : 38801028
[2022.11.12-21.03.48:888][  0]LogD3D11RHI:     Revision    : 00a1
[2022.11.12-21.03.48:888][  0]LogD3D11RHI:     DedicatedVideoMemory : 25530728448 bytes
[2022.11.12-21.03.48:888][  0]LogD3D11RHI:     DedicatedSystemMemory : 0 bytes
[2022.11.12-21.03.48:888][  0]LogD3D11RHI:     SharedSystemMemory : 17014280192 bytes
[2022.11.12-21.03.48:888][  0]LogD3D11RHI:     AdapterLuid : 0 684179
[2022.11.12-21.03.48:892][  0]LogD3D11RHI: Creating new Direct3DDevice
[2022.11.12-21.03.48:892][  0]LogD3D11RHI:     GPU DeviceId: 0x2204 (for the marketing name, search the web for "GPU Device Id")
[2022.11.12-21.03.48:892][  0]LogWindows: EnumDisplayDevices:
[2022.11.12-21.03.48:892][  0]LogWindows:    0. 'NVIDIA GeForce RTX 3090' (P:1 D:1)
[2022.11.12-21.03.48:893][  0]LogWindows:    1. 'NVIDIA GeForce RTX 3090' (P:0 D:0)
[2022.11.12-21.03.48:893][  0]LogWindows:    2. 'NVIDIA GeForce RTX 3090' (P:0 D:0)
[2022.11.12-21.03.48:893][  0]LogWindows:    3. 'NVIDIA GeForce RTX 3090' (P:0 D:0)
[2022.11.12-21.03.48:894][  0]LogWindows: DebugString: FoundDriverCount:4 
[2022.11.12-21.03.48:894][  0]LogD3D11RHI:     Adapter Name: NVIDIA GeForce RTX 3090
[2022.11.12-21.03.48:894][  0]LogD3D11RHI:   Driver Version: 512.13 (internal:30.0.15.1213, unified:512.13)
[2022.11.12-21.03.48:894][  0]LogD3D11RHI:      Driver Date: 3-16-2022
[2022.11.12-21.03.48:894][  0]LogRHI: Texture pool is 17043 MB (70% of 24348 MB)
[2022.11.12-21.03.48:894][  0]LogD3D11RHI: Creating D3DDevice using adapter:
[2022.11.12-21.03.48:894][  0]LogD3D11RHI:     Description : NVIDIA GeForce RTX 3090
[2022.11.12-21.03.48:894][  0]LogD3D11RHI:     VendorId    : 10de
[2022.11.12-21.03.48:894][  0]LogD3D11RHI:     DeviceId    : 2204
[2022.11.12-21.03.48:894][  0]LogD3D11RHI:     SubSysId    : 38801028
[2022.11.12-21.03.48:894][  0]LogD3D11RHI:     Revision    : 00a1
[2022.11.12-21.03.48:894][  0]LogD3D11RHI:     DedicatedVideoMemory : 25530728448 bytes
[2022.11.12-21.03.48:894][  0]LogD3D11RHI:     DedicatedSystemMemory : 0 bytes
[2022.11.12-21.03.48:894][  0]LogD3D11RHI:     SharedSystemMemory : 17014280192 bytes
[2022.11.12-21.03.48:894][  0]LogD3D11RHI:     AdapterLuid : 0 684179
[2022.11.12-21.03.48:962][  0]LogD3D11RHI: RHI has support for 64 bit atomics
[2022.11.12-21.03.48:962][  0]LogD3D11RHI: Async texture creation enabled
[2022.11.12-21.03.48:962][  0]LogD3D11RHI: Array index from any shader is supported
[2022.11.12-21.03.48:963][  0]LogD3D11RHI: HDR output is supported on display 0 (NvId: 0x80061082).
[2022.11.12-21.03.48:975][  0]LogD3D11RHI: GPU Timing Frequency: 1000.000000 (Debug: 2 1)
[2022.11.12-21.03.49:026][  0]LogRHI: GeForceNow SDK initialized: 1
[2022.11.12-21.03.49:368][  0]LogTargetPlatformManager: Display: Loaded TargetPlatform 'AllDesktop'
[2022.11.12-21.03.49:401][  0]LogTargetPlatformManager: Display: Loaded TargetPlatform 'Android'
[2022.11.12-21.03.49:401][  0]LogTargetPlatformManager: Display: Loaded TargetPlatform 'Android_ASTC'
[2022.11.12-21.03.49:401][  0]LogTargetPlatformManager: Display: Loaded TargetPlatform 'Android_DXT'
[2022.11.12-21.03.49:401][  0]LogTargetPlatformManager: Display: Loaded TargetPlatform 'Android_ETC2'
[2022.11.12-21.03.49:401][  0]LogTargetPlatformManager: Display: Loaded TargetPlatform 'AndroidClient'
[2022.11.12-21.03.49:401][  0]LogTargetPlatformManager: Display: Loaded TargetPlatform 'Android_ASTCClient'
[2022.11.12-21.03.49:401][  0]LogTargetPlatformManager: Display: Loaded TargetPlatform 'Android_DXTClient'
[2022.11.12-21.03.49:401][  0]LogTargetPlatformManager: Display: Loaded TargetPlatform 'Android_ETC2Client'
[2022.11.12-21.03.49:401][  0]LogTargetPlatformManager: Display: Loaded TargetPlatform 'Android_Multi'
[2022.11.12-21.03.49:401][  0]LogTargetPlatformManager: Display: Loaded TargetPlatform 'Android_MultiClient'
[2022.11.12-21.03.49:431][  0]LogTargetPlatformManager: Display: Loaded TargetPlatform 'IOSClient'
[2022.11.12-21.03.49:431][  0]LogTargetPlatformManager: Display: Loaded TargetPlatform 'IOS'
[2022.11.12-21.03.49:480][  0]LogTargetPlatformManager: Display: Loaded TargetPlatform 'Linux'
[2022.11.12-21.03.49:485][  0]LogTargetPlatformManager: Display: Loaded TargetPlatform 'LinuxNoEditor'
[2022.11.12-21.03.49:490][  0]LogTargetPlatformManager: Display: Loaded TargetPlatform 'LinuxClient'
[2022.11.12-21.03.49:495][  0]LogTargetPlatformManager: Display: Loaded TargetPlatform 'LinuxServer'
[2022.11.12-21.03.49:513][  0]LogTargetPlatformManager: Display: Loaded TargetPlatform 'LinuxAArch64NoEditor'
[2022.11.12-21.03.49:518][  0]LogTargetPlatformManager: Display: Loaded TargetPlatform 'LinuxAArch64Client'
[2022.11.12-21.03.49:523][  0]LogTargetPlatformManager: Display: Loaded TargetPlatform 'LinuxAArch64Server'
[2022.11.12-21.03.49:562][  0]LogTargetPlatformManager: Display: Loaded TargetPlatform 'Lumin'
[2022.11.12-21.03.49:562][  0]LogTargetPlatformManager: Display: Loaded TargetPlatform 'LuminClient'
[2022.11.12-21.03.49:580][  0]LogTargetPlatformManager: Display: Loaded TargetPlatform 'MacNoEditor'
[2022.11.12-21.03.49:585][  0]LogTargetPlatformManager: Display: Loaded TargetPlatform 'Mac'
[2022.11.12-21.03.49:590][  0]LogTargetPlatformManager: Display: Loaded TargetPlatform 'MacClient'
[2022.11.12-21.03.49:594][  0]LogTargetPlatformManager: Display: Loaded TargetPlatform 'MacServer'
[2022.11.12-21.03.49:606][  0]LogTargetPlatformManager: Display: Loaded TargetPlatform 'TVOSClient'
[2022.11.12-21.03.49:606][  0]LogTargetPlatformManager: Display: Loaded TargetPlatform 'TVOS'
[2022.11.12-21.03.49:624][  0]LogTargetPlatformManager: Display: Loaded TargetPlatform 'WindowsNoEditor'
[2022.11.12-21.03.49:630][  0]LogTargetPlatformManager: Display: Loaded TargetPlatform 'Windows'
[2022.11.12-21.03.49:635][  0]LogTargetPlatformManager: Display: Loaded TargetPlatform 'WindowsClient'
[2022.11.12-21.03.49:640][  0]LogTargetPlatformManager: Display: Loaded TargetPlatform 'WindowsServer'
[2022.11.12-21.03.49:640][  0]LogTargetPlatformManager: Display: Building Assets For Windows
[2022.11.12-21.03.49:650][  0]LogAudioDebug: Display: Lib vorbis DLL was dynamically loaded.
[2022.11.12-21.03.49:692][  0]LogTextureFormatOodle: Display: Oodle Texture 2.9.0 init RDO Off
[2022.11.12-21.03.49:730][  0]LogRendererCore: Ray tracing is disabled. Reason: r.RayTracing=0.
[2022.11.12-21.03.49:730][  0]LogShaderCompilers: Guid format shader working directory is -20 characters bigger than the processId version (U:/Documents/Unreal Projects/415GameDev_FinalProject/FinalProject415/Intermediate/Shaders/WorkingDirectory/11260/).
[2022.11.12-21.03.49:730][  0]LogShaderCompilers: Cleaned the shader compiler working directory 'C:/Users/harinia3/AppData/Local/Temp/UnrealShaderWorkingDir/BDD19FF24E1A424904642195FD3E0A31/'.
[2022.11.12-21.03.49:731][  0]LogXGEController: Cannot use XGE Controller as Incredibuild is not installed on this machine.
[2022.11.12-21.03.49:731][  0]LogShaderCompilers: Cannot use XGE Shader Compiler as Incredibuild is not installed on this machine.
[2022.11.12-21.03.49:731][  0]LogShaderCompilers: Display: Using Local Shader Compiler.
[2022.11.12-21.03.50:515][  0]LogDerivedDataCache: Display: Max Cache Size: 512 MB
[2022.11.12-21.03.50:571][  0]LogDerivedDataCache: Loaded boot cache 0.06s 94MB C:/Users/harinia3/AppData/Local/UnrealEngine/4.27/DerivedDataCache/Boot.ddc.
[2022.11.12-21.03.50:571][  0]LogDerivedDataCache: Display: Loaded Boot cache: C:/Users/harinia3/AppData/Local/UnrealEngine/4.27/DerivedDataCache/Boot.ddc
[2022.11.12-21.03.50:578][  0]LogDerivedDataCache: FDerivedDataBackendGraph:  Pak pak cache file U:/Documents/Unreal Projects/415GameDev_FinalProject/FinalProject415/DerivedDataCache/DDC.ddp not found, will not use a pak cache.
[2022.11.12-21.03.50:578][  0]LogDerivedDataCache: Unable to find inner node Pak for hierarchical cache Hierarchy.
[2022.11.12-21.03.50:579][  0]LogDerivedDataCache: FDerivedDataBackendGraph:  CompressedPak pak cache file U:/Documents/Unreal Projects/415GameDev_FinalProject/FinalProject415/DerivedDataCache/Compressed.ddp not found, will not use a pak cache.
[2022.11.12-21.03.50:579][  0]LogDerivedDataCache: Unable to find inner node CompressedPak for hierarchical cache Hierarchy.
[2022.11.12-21.03.50:595][  0]LogDerivedDataCache: Display: Pak cache opened for reading ../../../Engine/DerivedDataCache/Compressed.ddp.
[2022.11.12-21.03.50:595][  0]LogDerivedDataCache: FDerivedDataBackendGraph:  EnterprisePak pak cache file ../../../Enterprise/DerivedDataCache/Compressed.ddp not found, will not use a pak cache.
[2022.11.12-21.03.50:595][  0]LogDerivedDataCache: Unable to find inner node EnterprisePak for hierarchical cache Hierarchy.
[2022.11.12-21.03.50:605][  0]LogDerivedDataCache: Speed tests for C:/Users/harinia3/AppData/Local/UnrealEngine/Common/DerivedDataCache took 0.01 seconds
[2022.11.12-21.03.50:605][  0]LogDerivedDataCache: Display: Performance to C:/Users/harinia3/AppData/Local/UnrealEngine/Common/DerivedDataCache: Latency=0.02ms. RandomReadSpeed=728.42MBs, RandomWriteSpeed=101.52MBs. Assigned SpeedClass 'Local'
[2022.11.12-21.03.50:606][  0]LogDerivedDataCache: Using Local data cache path C:/Users/harinia3/AppData/Local/UnrealEngine/Common/DerivedDataCache: Writable
[2022.11.12-21.03.50:606][  0]LogDerivedDataCache: Shared data cache path not found in *engine.ini, will not use an Shared cache.
[2022.11.12-21.03.50:606][  0]LogDerivedDataCache: Unable to find inner node Shared for hierarchical cache Hierarchy.
[2022.11.12-21.03.50:651][  0]LogSlate: Using FreeType 2.10.0
[2022.11.12-21.03.50:652][  0]LogSlate: SlateFontServices - WITH_FREETYPE: 1, WITH_HARFBUZZ: 1
[2022.11.12-21.03.50:677][  0]LogAssetRegistry: FAssetRegistry took 0.0032 seconds to start up
[2022.11.12-21.03.50:947][  0]LogInit: Selected Device Profile: [Windows]
[2022.11.12-21.03.50:947][  0]LogInit: Active device profile: [000002504DF88F00][000002504CD3D2C0 49] Windows
[2022.11.12-21.03.50:947][  0]LogInit: Profiles: [000002504DF88F00][000002504CD3D2C0 49] Windows, [000002504DF26400][000002503E581440 49] WindowsNoEditor, [000002504DF89F00][000002504D7DF5C0 49] WindowsServer, [000002504DF25600][000002504D7E3740 49] WindowsClient, [000002504DF89000][000002504D7E78C0 49] IOS, [000002504DF27A00][000002504D7EBA40 49] iPadAir, [000002504DF8B300][000002504D7EFBC0 49] iPadAir2, [000002504DEB9300][000002504D7F6300 49] IPadPro, [000002504DEB9400][000002504D7F2340 49] iPadAir3, [000002504DF24B00][000002504D7FA4C0 49] iPadAir4, [000002504DEBA100][000002504D7FE640 49] iPadMini2, [000002504DF27400][000002504D8027C0 49] iPadMini3, [000002504DEBAC00][000002504D806940 49] iPadMini4, [000002504DF26700][000002503E57CA80 49] iPadMini5, [000002504DED4E00][000002504D80ECC0 49] iPhone6, [000002504DED4F00][000002504D80AD00 49] iPodTouch6, [000002504DF8A800][000002504D81AFC0 49] iPhone7, [000002504DF8A900][000002504D817000 49] iPodTouch7, [000002504DEB8C00][000002504D81F180 49] iPhone5S, [000002504DF89300][000002504D823300 49] iPhone6Plus, [000002504DEBAA00][000002504D827480 49] iPhone6S, [000002504DF8AD00][000002504D82B600 49] iPhone6SPlus, [000002504DED4100][000002504D82F780 49] iPhone7Plus, [000002504DEB9D00][000002504D833900 49] iPhoneSE, [000002504DED4C00][000002504D837A80 49] iPhone8, [000002504DEB8400][000002504D83BC00 49] iPhone8Plus, [000002504DED6A00][000002504D83E200 49] iPhoneX, [000002504DEBBC00][000002504D842380 49] iPhoneXS, [000002504DED6900][000002504D846500 49] iPhoneXSMax, [000002504DEB8B00][000002504D84A680 49] iPhoneXR, [000002504DF8B800][000002504D84E800 49] iPhone11, [000002504DEBBD00][000002504D852980 49] iPhone11Pro, [000002504DF89C00][000002504D856B00 49] iPhone11ProMax, [000002504DEB9100][000002504D812C40 49] iPhoneSE2, [000002504DF89200][000002504D85AD80 49] iPhone12Mini, [000002504DEBB100][000002504D85EEC0 49] iPhone12, [000002504DF88900][000002504D867040 49] iPhone12Pro, [000002504DEB8D00][000002504D86B1C0 49] iPhone12ProMax, [000002504DF8BC00][000002504D86F340 49] iPadPro105, [000002504DEBB700][000002504D8734C0 49] iPadPro129, [000002504DF8B000][000002504D877640 49] iPadPro97, [000002504DEB8F00][000002504D87B7C0 49] iPadPro2_129, [000002504DF88C00][000002504D87F940 49] iPad5, [000002504DEBBB00][000002504D883AC0 49] iPad6, [000002504DF88400][000002504D8860C0 49] iPad7, [000002504DEBBE00][000002504D88A240 49] iPad8, [000002504DF89B00][000002504D88E3C0 49] iPadPro11, [000002504DEBA400][000002504D892540 49] iPadPro2_11, [000002504DF88800][000002504D8966C0 49] iPadPro3_129, [000002504DEBA800][000002504D89A840 49] iPadPro4_129, [000002504DF8AF00][000002504D89E9C0 49] AppleTV, [000002504DEB9200][000002504D8A2B40 49] AppleTV4K, [000002504DF89700][000002504D8A6CC0 49] TVOS, [000002504DEBB600][000002504D862E00 49] Mac, [000002504DF8BA00][000002504D8AAF40 49] MacClient, [000002504DEBA500][000002504D8AF080 49] MacNoEditor, [000002504DF88500][000002504D8B31C0 49] MacServer, [000002504DEBA000][000002504D8BB340 49] Linux, [000002504DF8BB00][000002504D8BF4C0 49] LinuxAArch64, [000002504DEB8300][000002504D8C3640 49] LinuxNoEditor, [000002504DF8B700][000002504D8C77C0 49] LinuxAArch64NoEditor, [000002504DEBA600][000002504D8CB940 49] LinuxClient, [000002504DF8A600][000002504D8CFAC0 49] LinuxAArch64Client, [000002504DEB9A00][000002504D8D20C0 49] LinuxServer, [000002504DF88200][000002504D8D6240 49] LinuxAArch64Server, [000002504DEB9600][000002504D8DA3C0 49] Android, [000002504DF8A100][000002504D8DE540 49] Android_Low, [000002504DEBB800][000002504D8E26C0 49] Android_Mid, [000002504DF88600][000002504D8E6840 49] Android_High, [000002504DEBA300][000002504D8EA9C0 49] Android_Default, [000002504DF8A300][000002504D8EEB40 49] Android_Adreno4xx, [000002504DEBB000][000002504D8F2CC0 49] Android_Adreno5xx_Low, [000002504DF8AA00][000002504D8F6E40 49] Android_Adreno5xx, [000002504DEB8100][000002504D8B6F80 49] Android_Adreno6xx, [000002504DF88B00][000002504D8FB0C0 49] Android_Adreno6xx_Vulkan, [000002504DEB8A00][000002504D8FF200 49] Android_Mali_T6xx, [000002504DF88700][000002504D903340 49] Android_Mali_T7xx, [000002504DF25A00][000002504D90B4C0 49] Android_Mali_T8xx, [000002504DED4300][000002504D90F640 49] Android_Mali_G71, [000002504DF24600][000002504D9137C0 49] Android_Mali_G72, [000002504DED5200][000002504D917940 49] Android_Mali_G72_Vulkan, [000002504DF27E00][000002504D91BAC0 49] Android_Mali_G76, [000002504DED4700][000002504D91E0C0 49] Android_Mali_G76_Vulkan, [000002504DF27D00][000002504D922240 49] Android_Mali_G77, [000002504DED7B00][000002504D9263C0 49] Android_Mali_G77_Vulkan, [000002504DF25B00][000002504D92A540 49] Android_Mali_G78, [000002504DED7100][000002504D92E6C0 49] Android_Mali_G78_Vulkan, [000002504DF27900][000002504D932840 49] Android_Mali_G710, [000002504DED6C00][000002504D9369C0 49] Android_Mali_G710_Vulkan, [000002504DF27600][000002504D93AB40 49] Android_Vulkan_SM5, [000002504DED7800][000002504D93ECC0 49] Android_PowerVR_G6xxx, [000002504DF25900][000002504D942E40 49] Android_PowerVR_GT7xxx, [000002504DED5D00][000002504D946FC0 49] Android_PowerVR_GE8xxx, [000002504DF26D00][000002504D94B140 49] Android_PowerVR_GM9xxx, [000002504DED4800][000002504D907280 49] Android_PowerVR_GM9xxx_Vulkan, [000002504DF25C00][000002504D94F3C0 49] Android_TegraK1, [000002504DED5000][000002504D953500 49] Android_Unknown_Vulkan, [000002504DF26300][000002504D95B680 49] Lumin, [000002504DED7E00][000002504D95F800 49] Lumin_Desktop, [000002504DF26B00][000002504D963980 49] HoloLens, 
[2022.11.12-21.03.51:184][  0]LogMeshReduction: Using QuadricMeshReduction for automatic static mesh reduction
[2022.11.12-21.03.51:184][  0]LogMeshReduction: Using SimplygonMeshReduction for automatic skeletal mesh reduction
[2022.11.12-21.03.51:184][  0]LogMeshReduction: Using ProxyLODMeshReduction for automatic mesh merging
[2022.11.12-21.03.51:184][  0]LogMeshReduction: No distributed automatic mesh merging module available
[2022.11.12-21.03.51:184][  0]LogMeshMerging: No distributed automatic mesh merging module available
[2022.11.12-21.03.51:203][  0]LogNetVersion: FinalProject415 1.0.0, NetCL: 17155196, EngineNetVer: 17, GameNetVer: 0 (Checksum: 4286096303)
[2022.11.12-21.03.51:854][  0]LogTexture: Default maximum texture size for cubemaps generated from long-lat sources has been changed from 512 to unlimited. In order to preserve old behaiour for '/Engine/MapTemplates/Sky/DaylightAmbientCubemap.DaylightAmbientCubemap', its maximum texture size has been explicitly set to 512.
[2022.11.12-21.03.51:938][  0]LogHMD: PokeAHoleMaterial loaded successfully
[2022.11.12-21.03.51:947][  0]LogUObjectArray: 17178 objects as part of root set at end of initial load.
[2022.11.12-21.03.51:947][  0]LogUObjectAllocator: 4302048 out of 0 bytes used by permanent object pool.
[2022.11.12-21.03.51:947][  0]LogUObjectArray: CloseDisregardForGC: 0/0 objects in disregard for GC pool
[2022.11.12-21.03.52:501][  0]LogNiagaraDebuggerClient: Niagara Debugger Client Initialized | Session: 0CD369DA4386CE9706E37189382E1D7B | Instance: 8B37D8B54D67EF026438A8AD55C118BF (SIEBL-4107-03-11260).
[2022.11.12-21.03.52:571][  0]LogPython: Using Python 3.7.7
[2022.11.12-21.03.53:349][  0]LogUdpMessaging: Initializing bridge on interface 0.0.0.0:0 to multicast group 230.0.0.1:6666.
[2022.11.12-21.03.53:350][  0]LogDirectoryWatcher: Display: A directory notification failed for 'U:/Documents/Unreal Projects/415GameDev_FinalProject/FinalProject415/Content/' because it was empty or there was a buffer overflow. Attemping another request...
[2022.11.12-21.03.53:350][  0]LogDirectoryWatcher: Display: A directory notification failed for 'U:/Documents/Unreal Projects/415GameDev_FinalProject/FinalProject415/Content/' because it was empty or there was a buffer overflow. Attemping another request...
[2022.11.12-21.03.53:363][  0]LogTcpMessaging: Initializing TcpMessaging bridge
[2022.11.12-21.03.53:570][  0]SourceControl: Source control is disabled
[2022.11.12-21.03.53:570][  0]SourceControl: Source control is disabled
[2022.11.12-21.03.53:574][  0]SourceControl: Source control is disabled
[2022.11.12-21.03.53:581][  0]SourceControl: Source control is disabled
[2022.11.12-21.03.53:589][  0]SourceControl: Source control is disabled
[2022.11.12-21.03.53:596][  0]LogUProjectInfo: Found projects:
[2022.11.12-21.03.53:871][  0]LogOpenImageDenoise: OIDN starting up
[2022.11.12-21.03.53:923][  0]LogAndroidPermission: UAndroidPermissionCallbackProxy::GetInstance
[2022.11.12-21.03.53:947][  0]LogAudioCaptureCore: Display: No Audio Capture implementations found. Audio input will be silent.
[2022.11.12-21.03.53:947][  0]LogAudioCaptureCore: Display: No Audio Capture implementations found. Audio input will be silent.
[2022.11.12-21.03.54:085][  0]LogCollectionManager: Loaded 0 collections in 0.001541 seconds
[2022.11.12-21.03.54:124][  0]LogFileCache: Scanning file cache for directory 'U:/Documents/Unreal Projects/415GameDev_FinalProject/FinalProject415/Saved/Collections/' took 0.00s
[2022.11.12-21.03.54:124][  0]LogFileCache: Scanning file cache for directory 'U:/Documents/Unreal Projects/415GameDev_FinalProject/FinalProject415/Content/Developers/harinia3/Collections/' took 0.00s
[2022.11.12-21.03.54:124][  0]LogFileCache: Scanning file cache for directory 'U:/Documents/Unreal Projects/415GameDev_FinalProject/FinalProject415/Content/Collections/' took 0.00s
[2022.11.12-21.03.54:124][  0]LogOcInput: OculusInput pre-init called
[2022.11.12-21.03.54:368][  0]LogEngine: Initializing Engine...
[2022.11.12-21.03.54:371][  0]LogHMD: Failed to enumerate extensions. Please check that you have a valid OpenXR runtime installed.
[2022.11.12-21.03.54:371][  0]LogHMD: Failed to initialize OpenVR with code 110
[2022.11.12-21.03.54:371][  0]LogMagicLeap: Warning: VR disabled because ZI is not enabled.  To enable, in the editor, Edit -> Project Settings -> Plugins -> Magic Leap Plugin -> Enable Zero Iteration
[2022.11.12-21.03.54:372][  0]LogStats: UGameplayTagsManager::InitializeManager -  0.000 s
[2022.11.12-21.03.54:490][  0]LogInit: Initializing FReadOnlyCVARCache
[2022.11.12-21.03.54:498][  0]LogAIModule: Creating AISystem for world Untitled
[2022.11.12-21.03.54:507][  0]LogAudio: Display: Initializing Audio Device Manager...
[2022.11.12-21.03.54:511][  0]LogAudio: Display: Loading Default Audio Settings Objects...
[2022.11.12-21.03.54:512][  0]LogAudio: Display: No default SoundConcurrencyObject specified (or failed to load).
[2022.11.12-21.03.54:512][  0]LogAudio: Display: Audio Device Manager Initialized
[2022.11.12-21.03.54:512][  0]LogAudio: Display: Creating Audio Device:                 Id: 1, Scope: Shared, Realtime: True
[2022.11.12-21.03.54:512][  0]LogAudioMixer: Display: Audio Mixer Platform Settings:
[2022.11.12-21.03.54:512][  0]LogAudioMixer: Display: 	Sample Rate:						  48000
[2022.11.12-21.03.54:512][  0]LogAudioMixer: Display: 	Callback Buffer Frame Size Requested: 1024
[2022.11.12-21.03.54:512][  0]LogAudioMixer: Display: 	Callback Buffer Frame Size To Use:	  1024
[2022.11.12-21.03.54:512][  0]LogAudioMixer: Display: 	Number of buffers to queue:			  2
[2022.11.12-21.03.54:512][  0]LogAudioMixer: Display: 	Max Channels (voices):				  32
[2022.11.12-21.03.54:512][  0]LogAudioMixer: Display: 	Number of Async Source Workers:		  0
[2022.11.12-21.03.54:512][  0]LogAudio: Display: AudioDevice MaxSources: 32
[2022.11.12-21.03.54:512][  0]LogAudio: Display: Audio Spatialization Plugin: None (built-in).
[2022.11.12-21.03.54:513][  0]LogAudio: Display: Audio Reverb Plugin: None (built-in).
[2022.11.12-21.03.54:513][  0]LogAudio: Display: Audio Occlusion Plugin: None (built-in).
[2022.11.12-21.03.54:513][  0]LogAudioMixer: Display: Initializing audio mixer.
[2022.11.12-21.03.54:528][  0]LogAudioMixer: Display: 0: FrontLeft
[2022.11.12-21.03.54:528][  0]LogAudioMixer: Display: 1: FrontRight
[2022.11.12-21.03.54:791][  0]LogAudioMixer: Display: Using Audio Device Speakers / Headphones (Realtek Audio)
[2022.11.12-21.03.54:792][  0]LogAudioMixer: Display: Initializing Sound Submixes...
[2022.11.12-21.03.54:794][  0]LogAudioMixer: Display: Creating Master Submix 'MasterSubmixDefault'
[2022.11.12-21.03.54:794][  0]LogAudioMixer: Display: Creating Master Submix 'MasterReverbSubmixDefault'
[2022.11.12-21.03.54:795][  0]LogAudioMixer: Display: Creating Master Submix 'MasterEQSubmixDefault'
[2022.11.12-21.03.54:795][  0]LogAudioMixer: FMixerPlatformXAudio2::StartAudioStream() called
[2022.11.12-21.03.54:795][  0]LogAudioMixer: Display: Output buffers initialized: Frames=1024, Channels=2, Samples=2048
[2022.11.12-21.03.54:796][  0]LogAudioMixer: Display: Starting AudioMixerPlatformInterface::RunInternal()
[2022.11.12-21.03.54:796][  0]LogAudioMixer: Display: FMixerPlatformXAudio2::SubmitBuffer() called for the first time
[2022.11.12-21.03.54:796][  0]LogInit: FAudioDevice initialized.
[2022.11.12-21.03.54:797][  0]LogAudio: Display: Audio Device (ID: 1) registered with world 'Untitled'.
[2022.11.12-21.03.54:797][  0]LogNetVersion: Set ProjectVersion to 1.0.0.0. Version Checksum will be recalculated on next use.
[2022.11.12-21.03.54:851][  0]LogDerivedDataCache: Saved boot cache 0.05s 94MB C:/Users/harinia3/AppData/Local/UnrealEngine/4.27/DerivedDataCache/Boot.ddc.
[2022.11.12-21.03.54:852][  0]LogInit: Texture streaming: Enabled
[2022.11.12-21.03.54:866][  0]LogAnalytics: Display: [UEEditor.Rocket.Release] APIServer = https://datarouter.ol.epicgames.com/. AppVersion = 4.27.2-18319896+++UE4+Release-4.27
[2022.11.12-21.03.54:871][  0]LogEngineSessionManager: EngineSessionManager initialized
[2022.11.12-21.03.54:872][  0]LogEditorSessionSummary: Verbose: Initializing EditorSessionSummaryWriter for editor session tracking
[2022.11.12-21.03.54:877][  0]LogEditorSessionSummary: EditorSessionSummaryWriter initialized
[2022.11.12-21.03.55:031][  0]LogInit: Transaction tracking system initialized
[2022.11.12-21.03.55:057][  0]BlueprintLog: New page: Editor Load
[2022.11.12-21.03.55:148][  0]LocalizationService: Localization service is disabled
[2022.11.12-21.03.55:197][  0]TimingProfiler: Initialize
[2022.11.12-21.03.55:198][  0]TimingProfiler: OnSessionChanged
[2022.11.12-21.03.55:198][  0]LoadingProfiler: Initialize
[2022.11.12-21.03.55:198][  0]LoadingProfiler: OnSessionChanged
[2022.11.12-21.03.55:198][  0]NetworkingProfiler: Initialize
[2022.11.12-21.03.55:198][  0]NetworkingProfiler: OnSessionChanged
[2022.11.12-21.03.55:198][  0]MemoryProfiler: Initialize
[2022.11.12-21.03.55:198][  0]MemoryProfiler: OnSessionChanged
[2022.11.12-21.03.55:381][  0]LogCook: Display: CookSettings for Memory: MemoryMaxUsedVirtual 0MiB, MemoryMaxUsedPhysical 16384MiB, MemoryMinFreeVirtual 0MiB, MemoryMinFreePhysical 1024MiB
[2022.11.12-21.03.55:381][  0]LogCook: Display: Mobile HDR setting 1
[2022.11.12-21.03.55:445][  0]LogFileCache: Scanning file cache for directory 'U:/Documents/Unreal Projects/415GameDev_FinalProject/FinalProject415/Content/' took 0.03s
[2022.11.12-21.03.55:803][  0]LogInit: Display: Engine is initialized. Leaving FEngineLoop::Init()
[2022.11.12-21.03.55:808][  0]SourceControl: Source control is disabled
[2022.11.12-21.03.55:808][  0]LogUnrealEdMisc: Loading editor; pre map load, took 10.834
[2022.11.12-21.03.55:808][  0]Cmd: MAP LOAD FILE="U:/Documents/Unreal Projects/415GameDev_FinalProject/FinalProject415/Content/FirstPersonBP/Maps/FirstPersonExampleMap.umap" TEMPLATE=0 SHOWPROGRESS=1 FEATURELEVEL=3
[2022.11.12-21.03.55:811][  0]LightingResults: New page: Lighting Build
[2022.11.12-21.03.55:813][  0]LogWorld: UWorld::CleanupWorld for Untitled, bSessionEnded=true, bCleanupResources=true
[2022.11.12-21.03.55:813][  0]LogSlate: InvalidateAllWidgets triggered.  All widgets were invalidated
[2022.11.12-21.03.55:813][  0]MapCheck: New page: Map Check
[2022.11.12-21.03.55:813][  0]LightingResults: New page: Lighting Build
[2022.11.12-21.03.55:817][  0]LogAudio: Display: Audio Device unregistered from world 'None'.
[2022.11.12-21.03.55:820][  0]LogUObjectHash: Compacting FUObjectHashTables data took   0.82ms
[2022.11.12-21.03.56:373][  0]LogTexture: Display: Building textures: DeprecatedTexture4E9A31EC459F824B7293D9A5960F381F (BGRA8, 128X128)
[2022.11.12-21.03.56:508][  0]LogAudio: Display: Audio Device (ID: 1) registered with world 'FirstPersonExampleMap'.
[2022.11.12-21.03.56:509][  0]LogAIModule: Creating AISystem for world FirstPersonExampleMap
[2022.11.12-21.03.56:518][  0]LogEditorServer: Finished looking for orphan Actors (0.000 secs)
[2022.11.12-21.03.56:529][  0]LogUObjectHash: Compacting FUObjectHashTables data took   0.88ms
[2022.11.12-21.03.56:529][  0]Cmd: MAP CHECKDEP NOCLEARLOG
[2022.11.12-21.03.56:530][  0]MapCheck: Map check complete: 0 Error(s), 0 Warning(s), took 0.329ms to complete.
[2022.11.12-21.03.56:530][  0]LogFileHelpers: Loading map 'FirstPersonExampleMap' took 0.721
[2022.11.12-21.03.56:532][  0]LogUnrealEdMisc: Total Editor Startup Time, took 11.557
[2022.11.12-21.03.56:634][  0]LogSlate: Updating window title bar state: overlay mode, drag disabled, window buttons hidden, title bar hidden
[2022.11.12-21.03.56:640][  0]LogSlate: Updating window title bar state: overlay mode, drag disabled, window buttons hidden, title bar hidden
[2022.11.12-21.03.56:646][  0]LogSlate: Updating window title bar state: overlay mode, drag disabled, window buttons hidden, title bar hidden
[2022.11.12-21.03.56:651][  0]LogSlate: Updating window title bar state: overlay mode, drag disabled, window buttons hidden, title bar hidden
[2022.11.12-21.03.56:667][  0]LogNativeClassHierarchy: Verbose: Native class hierarchy populated in 0.0093 seconds. Added 3822 classes and 928 folders.
[2022.11.12-21.03.56:669][  0]LogNativeClassHierarchy: Verbose: Native class hierarchy updated for 'WidgetCarousel' in 0.0003 seconds. Added 0 classes and 0 folders.
[2022.11.12-21.03.56:673][  0]LogPakFile: PakFile PrimaryIndexSize=187
[2022.11.12-21.03.56:673][  0]LogPakFile: PakFile PathHashIndexSize=101
[2022.11.12-21.03.56:673][  0]LogPakFile: PakFile FullDirectoryIndexSize=148
[2022.11.12-21.03.56:673][  0]LogShaderLibrary: Display: ShaderCodeLibraryPakFileMountedCallback: PakFile 'C:/Program Files/Epic Games/UE_4.27/FeaturePacks/FP_FirstPerson.upack' (chunk index -1, root 'root:/') mounted
[2022.11.12-21.03.56:673][  0]LogShaderLibrary: Display: ShaderCodeLibraryPakFileMountedCallback: pending pak file info (ChunkID:-1 Root:root:/ File:C:/Program Files/Epic Games/UE_4.27/FeaturePacks/FP_FirstPerson.upack)
[2022.11.12-21.03.56:673][  0]LogPakFile: OnPakFileMounted2Time == 0.000055
[2022.11.12-21.03.56:674][  0]LogPakFile: PakFile PrimaryIndexSize=189
[2022.11.12-21.03.56:674][  0]LogPakFile: PakFile PathHashIndexSize=101
[2022.11.12-21.03.56:674][  0]LogPakFile: PakFile FullDirectoryIndexSize=152
[2022.11.12-21.03.56:674][  0]LogShaderLibrary: Display: ShaderCodeLibraryPakFileMountedCallback: PakFile 'C:/Program Files/Epic Games/UE_4.27/FeaturePacks/FP_FirstPersonBP.upack' (chunk index -1, root 'root:/') mounted
[2022.11.12-21.03.56:674][  0]LogShaderLibrary: Display: ShaderCodeLibraryPakFileMountedCallback: pending pak file info (ChunkID:-1 Root:root:/ File:C:/Program Files/Epic Games/UE_4.27/FeaturePacks/FP_FirstPersonBP.upack)
[2022.11.12-21.03.56:674][  0]LogPakFile: OnPakFileMounted2Time == 0.000039
[2022.11.12-21.03.56:674][  0]LogPakFile: PakFile PrimaryIndexSize=191
[2022.11.12-21.03.56:674][  0]LogPakFile: PakFile PathHashIndexSize=101
[2022.11.12-21.03.56:674][  0]LogPakFile: PakFile FullDirectoryIndexSize=160
[2022.11.12-21.03.56:674][  0]LogShaderLibrary: Display: ShaderCodeLibraryPakFileMountedCallback: PakFile 'C:/Program Files/Epic Games/UE_4.27/FeaturePacks/MobileStarterContent.upack' (chunk index -1, root 'root:/') mounted
[2022.11.12-21.03.56:674][  0]LogShaderLibrary: Display: ShaderCodeLibraryPakFileMountedCallback: pending pak file info (ChunkID:-1 Root:root:/ File:C:/Program Files/Epic Games/UE_4.27/FeaturePacks/MobileStarterContent.upack)
[2022.11.12-21.03.56:674][  0]LogPakFile: OnPakFileMounted2Time == 0.000035
[2022.11.12-21.03.56:675][  0]LogPakFile: PakFile PrimaryIndexSize=185
[2022.11.12-21.03.56:675][  0]LogPakFile: PakFile PathHashIndexSize=101
[2022.11.12-21.03.56:675][  0]LogPakFile: PakFile FullDirectoryIndexSize=148
[2022.11.12-21.03.56:675][  0]LogShaderLibrary: Display: ShaderCodeLibraryPakFileMountedCallback: PakFile 'C:/Program Files/Epic Games/UE_4.27/FeaturePacks/StarterContent.upack' (chunk index -1, root 'root:/') mounted
[2022.11.12-21.03.56:675][  0]LogShaderLibrary: Display: ShaderCodeLibraryPakFileMountedCallback: pending pak file info (ChunkID:-1 Root:root:/ File:C:/Program Files/Epic Games/UE_4.27/FeaturePacks/StarterContent.upack)
[2022.11.12-21.03.56:675][  0]LogPakFile: OnPakFileMounted2Time == 0.000037
[2022.11.12-21.03.56:676][  0]LogPakFile: PakFile PrimaryIndexSize=190
[2022.11.12-21.03.56:676][  0]LogPakFile: PakFile PathHashIndexSize=101
[2022.11.12-21.03.56:676][  0]LogPakFile: PakFile FullDirectoryIndexSize=154
[2022.11.12-21.03.56:676][  0]LogShaderLibrary: Display: ShaderCodeLibraryPakFileMountedCallback: PakFile 'C:/Program Files/Epic Games/UE_4.27/FeaturePacks/TP_2DSideScroller.upack' (chunk index -1, root 'root:/') mounted
[2022.11.12-21.03.56:676][  0]LogShaderLibrary: Display: ShaderCodeLibraryPakFileMountedCallback: pending pak file info (ChunkID:-1 Root:root:/ File:C:/Program Files/Epic Games/UE_4.27/FeaturePacks/TP_2DSideScroller.upack)
[2022.11.12-21.03.56:676][  0]LogPakFile: OnPakFileMounted2Time == 0.000035
[2022.11.12-21.03.56:677][  0]LogPakFile: PakFile PrimaryIndexSize=192
[2022.11.12-21.03.56:677][  0]LogPakFile: PakFile PathHashIndexSize=101
[2022.11.12-21.03.56:677][  0]LogPakFile: PakFile FullDirectoryIndexSize=158
[2022.11.12-21.03.56:677][  0]LogShaderLibrary: Display: ShaderCodeLibraryPakFileMountedCallback: PakFile 'C:/Program Files/Epic Games/UE_4.27/FeaturePacks/TP_2DSideScrollerBP.upack' (chunk index -1, root 'root:/') mounted
[2022.11.12-21.03.56:677][  0]LogShaderLibrary: Display: ShaderCodeLibraryPakFileMountedCallback: pending pak file info (ChunkID:-1 Root:root:/ File:C:/Program Files/Epic Games/UE_4.27/FeaturePacks/TP_2DSideScrollerBP.upack)
[2022.11.12-21.03.56:677][  0]LogPakFile: OnPakFileMounted2Time == 0.000033
[2022.11.12-21.03.56:677][  0]LogPakFile: PakFile PrimaryIndexSize=182
[2022.11.12-21.03.56:677][  0]LogPakFile: PakFile PathHashIndexSize=101
[2022.11.12-21.03.56:677][  0]LogPakFile: PakFile FullDirectoryIndexSize=138
[2022.11.12-21.03.56:677][  0]LogShaderLibrary: Display: ShaderCodeLibraryPakFileMountedCallback: PakFile 'C:/Program Files/Epic Games/UE_4.27/FeaturePacks/TP_Flying.upack' (chunk index -1, root 'root:/') mounted
[2022.11.12-21.03.56:677][  0]LogShaderLibrary: Display: ShaderCodeLibraryPakFileMountedCallback: pending pak file info (ChunkID:-1 Root:root:/ File:C:/Program Files/Epic Games/UE_4.27/FeaturePacks/TP_Flying.upack)
[2022.11.12-21.03.56:677][  0]LogPakFile: OnPakFileMounted2Time == 0.000032
[2022.11.12-21.03.56:678][  0]LogPakFile: PakFile PrimaryIndexSize=184
[2022.11.12-21.03.56:678][  0]LogPakFile: PakFile PathHashIndexSize=101
[2022.11.12-21.03.56:678][  0]LogPakFile: PakFile FullDirectoryIndexSize=142
[2022.11.12-21.03.56:678][  0]LogShaderLibrary: Display: ShaderCodeLibraryPakFileMountedCallback: PakFile 'C:/Program Files/Epic Games/UE_4.27/FeaturePacks/TP_FlyingBP.upack' (chunk index -1, root 'root:/') mounted
[2022.11.12-21.03.56:678][  0]LogShaderLibrary: Display: ShaderCodeLibraryPakFileMountedCallback: pending pak file info (ChunkID:-1 Root:root:/ File:C:/Program Files/Epic Games/UE_4.27/FeaturePacks/TP_FlyingBP.upack)
[2022.11.12-21.03.56:678][  0]LogPakFile: OnPakFileMounted2Time == 0.000034
[2022.11.12-21.03.56:679][  0]LogPakFile: PakFile PrimaryIndexSize=188
[2022.11.12-21.03.56:679][  0]LogPakFile: PakFile PathHashIndexSize=101
[2022.11.12-21.03.56:679][  0]LogPakFile: PakFile FullDirectoryIndexSize=150
[2022.11.12-21.03.56:679][  0]LogShaderLibrary: Display: ShaderCodeLibraryPakFileMountedCallback: PakFile 'C:/Program Files/Epic Games/UE_4.27/FeaturePacks/TP_HandheldARBP.upack' (chunk index -1, root 'root:/') mounted
[2022.11.12-21.03.56:679][  0]LogShaderLibrary: Display: ShaderCodeLibraryPakFileMountedCallback: pending pak file info (ChunkID:-1 Root:root:/ File:C:/Program Files/Epic Games/UE_4.27/FeaturePacks/TP_HandheldARBP.upack)
[2022.11.12-21.03.56:679][  0]LogPakFile: OnPakFileMounted2Time == 0.000034
[2022.11.12-21.03.56:680][  0]LogPakFile: PakFile PrimaryIndexSize=182
[2022.11.12-21.03.56:680][  0]LogPakFile: PakFile PathHashIndexSize=101
[2022.11.12-21.03.56:680][  0]LogPakFile: PakFile FullDirectoryIndexSize=138
[2022.11.12-21.03.56:680][  0]LogShaderLibrary: Display: ShaderCodeLibraryPakFileMountedCallback: PakFile 'C:/Program Files/Epic Games/UE_4.27/FeaturePacks/TP_Puzzle.upack' (chunk index -1, root 'root:/') mounted
[2022.11.12-21.03.56:680][  0]LogShaderLibrary: Display: ShaderCodeLibraryPakFileMountedCallback: pending pak file info (ChunkID:-1 Root:root:/ File:C:/Program Files/Epic Games/UE_4.27/FeaturePacks/TP_Puzzle.upack)
[2022.11.12-21.03.56:680][  0]LogPakFile: OnPakFileMounted2Time == 0.000034
[2022.11.12-21.03.56:681][  0]LogPakFile: PakFile PrimaryIndexSize=184
[2022.11.12-21.03.56:681][  0]LogPakFile: PakFile PathHashIndexSize=101
[2022.11.12-21.03.56:681][  0]LogPakFile: PakFile FullDirectoryIndexSize=142
[2022.11.12-21.03.56:681][  0]LogShaderLibrary: Display: ShaderCodeLibraryPakFileMountedCallback: PakFile 'C:/Program Files/Epic Games/UE_4.27/FeaturePacks/TP_PuzzleBP.upack' (chunk index -1, root 'root:/') mounted
[2022.11.12-21.03.56:681][  0]LogShaderLibrary: Display: ShaderCodeLibraryPakFileMountedCallback: pending pak file info (ChunkID:-1 Root:root:/ File:C:/Program Files/Epic Games/UE_4.27/FeaturePacks/TP_PuzzleBP.upack)
[2022.11.12-21.03.56:681][  0]LogPakFile: OnPakFileMounted2Time == 0.000035
[2022.11.12-21.03.56:681][  0]LogPakFile: PakFile PrimaryIndexSize=183
[2022.11.12-21.03.56:681][  0]LogPakFile: PakFile PathHashIndexSize=101
[2022.11.12-21.03.56:681][  0]LogPakFile: PakFile FullDirectoryIndexSize=140
[2022.11.12-21.03.56:681][  0]LogShaderLibrary: Display: ShaderCodeLibraryPakFileMountedCallback: PakFile 'C:/Program Files/Epic Games/UE_4.27/FeaturePacks/TP_Rolling.upack' (chunk index -1, root 'root:/') mounted
[2022.11.12-21.03.56:681][  0]LogShaderLibrary: Display: ShaderCodeLibraryPakFileMountedCallback: pending pak file info (ChunkID:-1 Root:root:/ File:C:/Program Files/Epic Games/UE_4.27/FeaturePacks/TP_Rolling.upack)
[2022.11.12-21.03.56:681][  0]LogPakFile: OnPakFileMounted2Time == 0.000036
[2022.11.12-21.03.56:682][  0]LogPakFile: PakFile PrimaryIndexSize=185
[2022.11.12-21.03.56:682][  0]LogPakFile: PakFile PathHashIndexSize=101
[2022.11.12-21.03.56:682][  0]LogPakFile: PakFile FullDirectoryIndexSize=144
[2022.11.12-21.03.56:682][  0]LogShaderLibrary: Display: ShaderCodeLibraryPakFileMountedCallback: PakFile 'C:/Program Files/Epic Games/UE_4.27/FeaturePacks/TP_RollingBP.upack' (chunk index -1, root 'root:/') mounted
[2022.11.12-21.03.56:682][  0]LogShaderLibrary: Display: ShaderCodeLibraryPakFileMountedCallback: pending pak file info (ChunkID:-1 Root:root:/ File:C:/Program Files/Epic Games/UE_4.27/FeaturePacks/TP_RollingBP.upack)
[2022.11.12-21.03.56:682][  0]LogPakFile: OnPakFileMounted2Time == 0.000033
[2022.11.12-21.03.56:683][  0]LogPakFile: PakFile PrimaryIndexSize=188
[2022.11.12-21.03.56:683][  0]LogPakFile: PakFile PathHashIndexSize=101
[2022.11.12-21.03.56:683][  0]LogPakFile: PakFile FullDirectoryIndexSize=150
[2022.11.12-21.03.56:683][  0]LogShaderLibrary: Display: ShaderCodeLibraryPakFileMountedCallback: PakFile 'C:/Program Files/Epic Games/UE_4.27/FeaturePacks/TP_SideScroller.upack' (chunk index -1, root 'root:/') mounted
[2022.11.12-21.03.56:683][  0]LogShaderLibrary: Display: ShaderCodeLibraryPakFileMountedCallback: pending pak file info (ChunkID:-1 Root:root:/ File:C:/Program Files/Epic Games/UE_4.27/FeaturePacks/TP_SideScroller.upack)
[2022.11.12-21.03.56:683][  0]LogPakFile: OnPakFileMounted2Time == 0.000034
[2022.11.12-21.03.56:684][  0]LogPakFile: PakFile PrimaryIndexSize=190
[2022.11.12-21.03.56:684][  0]LogPakFile: PakFile PathHashIndexSize=101
[2022.11.12-21.03.56:684][  0]LogPakFile: PakFile FullDirectoryIndexSize=154
[2022.11.12-21.03.56:684][  0]LogShaderLibrary: Display: ShaderCodeLibraryPakFileMountedCallback: PakFile 'C:/Program Files/Epic Games/UE_4.27/FeaturePacks/TP_SideScrollerBP.upack' (chunk index -1, root 'root:/') mounted
[2022.11.12-21.03.56:684][  0]LogShaderLibrary: Display: ShaderCodeLibraryPakFileMountedCallback: pending pak file info (ChunkID:-1 Root:root:/ File:C:/Program Files/Epic Games/UE_4.27/FeaturePacks/TP_SideScrollerBP.upack)
[2022.11.12-21.03.56:684][  0]LogPakFile: OnPakFileMounted2Time == 0.000036
[2022.11.12-21.03.56:684][  0]LogPakFile: PakFile PrimaryIndexSize=187
[2022.11.12-21.03.56:684][  0]LogPakFile: PakFile PathHashIndexSize=101
[2022.11.12-21.03.56:685][  0]LogPakFile: PakFile FullDirectoryIndexSize=148
[2022.11.12-21.03.56:685][  0]LogShaderLibrary: Display: ShaderCodeLibraryPakFileMountedCallback: PakFile 'C:/Program Files/Epic Games/UE_4.27/FeaturePacks/TP_ThirdPerson.upack' (chunk index -1, root 'root:/') mounted
[2022.11.12-21.03.56:685][  0]LogShaderLibrary: Display: ShaderCodeLibraryPakFileMountedCallback: pending pak file info (ChunkID:-1 Root:root:/ File:C:/Program Files/Epic Games/UE_4.27/FeaturePacks/TP_ThirdPerson.upack)
[2022.11.12-21.03.56:685][  0]LogPakFile: OnPakFileMounted2Time == 0.000033
[2022.11.12-21.03.56:685][  0]LogPakFile: PakFile PrimaryIndexSize=189
[2022.11.12-21.03.56:685][  0]LogPakFile: PakFile PathHashIndexSize=101
[2022.11.12-21.03.56:685][  0]LogPakFile: PakFile FullDirectoryIndexSize=152
[2022.11.12-21.03.56:685][  0]LogShaderLibrary: Display: ShaderCodeLibraryPakFileMountedCallback: PakFile 'C:/Program Files/Epic Games/UE_4.27/FeaturePacks/TP_ThirdPersonBP.upack' (chunk index -1, root 'root:/') mounted
[2022.11.12-21.03.56:685][  0]LogShaderLibrary: Display: ShaderCodeLibraryPakFileMountedCallback: pending pak file info (ChunkID:-1 Root:root:/ File:C:/Program Files/Epic Games/UE_4.27/FeaturePacks/TP_ThirdPersonBP.upack)
[2022.11.12-21.03.56:685][  0]LogPakFile: OnPakFileMounted2Time == 0.000033
[2022.11.12-21.03.56:686][  0]LogPakFile: PakFile PrimaryIndexSize=183
[2022.11.12-21.03.56:686][  0]LogPakFile: PakFile PathHashIndexSize=101
[2022.11.12-21.03.56:686][  0]LogPakFile: PakFile FullDirectoryIndexSize=140
[2022.11.12-21.03.56:686][  0]LogShaderLibrary: Display: ShaderCodeLibraryPakFileMountedCallback: PakFile 'C:/Program Files/Epic Games/UE_4.27/FeaturePacks/TP_TopDown.upack' (chunk index -1, root 'root:/') mounted
[2022.11.12-21.03.56:686][  0]LogShaderLibrary: Display: ShaderCodeLibraryPakFileMountedCallback: pending pak file info (ChunkID:-1 Root:root:/ File:C:/Program Files/Epic Games/UE_4.27/FeaturePacks/TP_TopDown.upack)
[2022.11.12-21.03.56:686][  0]LogPakFile: OnPakFileMounted2Time == 0.000040
[2022.11.12-21.03.56:687][  0]LogPakFile: PakFile PrimaryIndexSize=185
[2022.11.12-21.03.56:687][  0]LogPakFile: PakFile PathHashIndexSize=101
[2022.11.12-21.03.56:687][  0]LogPakFile: PakFile FullDirectoryIndexSize=144
[2022.11.12-21.03.56:687][  0]LogShaderLibrary: Display: ShaderCodeLibraryPakFileMountedCallback: PakFile 'C:/Program Files/Epic Games/UE_4.27/FeaturePacks/TP_TopDownBP.upack' (chunk index -1, root 'root:/') mounted
[2022.11.12-21.03.56:687][  0]LogShaderLibrary: Display: ShaderCodeLibraryPakFileMountedCallback: pending pak file info (ChunkID:-1 Root:root:/ File:C:/Program Files/Epic Games/UE_4.27/FeaturePacks/TP_TopDownBP.upack)
[2022.11.12-21.03.56:687][  0]LogPakFile: OnPakFileMounted2Time == 0.000034
[2022.11.12-21.03.56:688][  0]LogPakFile: PakFile PrimaryIndexSize=185
[2022.11.12-21.03.56:688][  0]LogPakFile: PakFile PathHashIndexSize=101
[2022.11.12-21.03.56:688][  0]LogPakFile: PakFile FullDirectoryIndexSize=144
[2022.11.12-21.03.56:688][  0]LogShaderLibrary: Display: ShaderCodeLibraryPakFileMountedCallback: PakFile 'C:/Program Files/Epic Games/UE_4.27/FeaturePacks/TP_TwinStick.upack' (chunk index -1, root 'root:/') mounted
[2022.11.12-21.03.56:688][  0]LogShaderLibrary: Display: ShaderCodeLibraryPakFileMountedCallback: pending pak file info (ChunkID:-1 Root:root:/ File:C:/Program Files/Epic Games/UE_4.27/FeaturePacks/TP_TwinStick.upack)
[2022.11.12-21.03.56:688][  0]LogPakFile: OnPakFileMounted2Time == 0.000034
[2022.11.12-21.03.56:688][  0]LogPakFile: PakFile PrimaryIndexSize=187
[2022.11.12-21.03.56:688][  0]LogPakFile: PakFile PathHashIndexSize=101
[2022.11.12-21.03.56:688][  0]LogPakFile: PakFile FullDirectoryIndexSize=148
[2022.11.12-21.03.56:688][  0]LogShaderLibrary: Display: ShaderCodeLibraryPakFileMountedCallback: PakFile 'C:/Program Files/Epic Games/UE_4.27/FeaturePacks/TP_TwinStickBP.upack' (chunk index -1, root 'root:/') mounted
[2022.11.12-21.03.56:688][  0]LogShaderLibrary: Display: ShaderCodeLibraryPakFileMountedCallback: pending pak file info (ChunkID:-1 Root:root:/ File:C:/Program Files/Epic Games/UE_4.27/FeaturePacks/TP_TwinStickBP.upack)
[2022.11.12-21.03.56:688][  0]LogPakFile: OnPakFileMounted2Time == 0.000034
[2022.11.12-21.03.56:689][  0]LogPakFile: PakFile PrimaryIndexSize=183
[2022.11.12-21.03.56:689][  0]LogPakFile: PakFile PathHashIndexSize=101
[2022.11.12-21.03.56:689][  0]LogPakFile: PakFile FullDirectoryIndexSize=140
[2022.11.12-21.03.56:689][  0]LogShaderLibrary: Display: ShaderCodeLibraryPakFileMountedCallback: PakFile 'C:/Program Files/Epic Games/UE_4.27/FeaturePacks/TP_Vehicle.upack' (chunk index -1, root 'root:/') mounted
[2022.11.12-21.03.56:689][  0]LogShaderLibrary: Display: ShaderCodeLibraryPakFileMountedCallback: pending pak file info (ChunkID:-1 Root:root:/ File:C:/Program Files/Epic Games/UE_4.27/FeaturePacks/TP_Vehicle.upack)
[2022.11.12-21.03.56:689][  0]LogPakFile: OnPakFileMounted2Time == 0.000034
[2022.11.12-21.03.56:690][  0]LogPakFile: PakFile PrimaryIndexSize=186
[2022.11.12-21.03.56:690][  0]LogPakFile: PakFile PathHashIndexSize=101
[2022.11.12-21.03.56:690][  0]LogPakFile: PakFile FullDirectoryIndexSize=146
[2022.11.12-21.03.56:690][  0]LogShaderLibrary: Display: ShaderCodeLibraryPakFileMountedCallback: PakFile 'C:/Program Files/Epic Games/UE_4.27/FeaturePacks/TP_VehicleAdv.upack' (chunk index -1, root 'root:/') mounted
[2022.11.12-21.03.56:690][  0]LogShaderLibrary: Display: ShaderCodeLibraryPakFileMountedCallback: pending pak file info (ChunkID:-1 Root:root:/ File:C:/Program Files/Epic Games/UE_4.27/FeaturePacks/TP_VehicleAdv.upack)
[2022.11.12-21.03.56:690][  0]LogPakFile: OnPakFileMounted2Time == 0.000035
[2022.11.12-21.03.56:691][  0]LogPakFile: PakFile PrimaryIndexSize=188
[2022.11.12-21.03.56:691][  0]LogPakFile: PakFile PathHashIndexSize=101
[2022.11.12-21.03.56:691][  0]LogPakFile: PakFile FullDirectoryIndexSize=150
[2022.11.12-21.03.56:691][  0]LogShaderLibrary: Display: ShaderCodeLibraryPakFileMountedCallback: PakFile 'C:/Program Files/Epic Games/UE_4.27/FeaturePacks/TP_VehicleAdvBP.upack' (chunk index -1, root 'root:/') mounted
[2022.11.12-21.03.56:691][  0]LogShaderLibrary: Display: ShaderCodeLibraryPakFileMountedCallback: pending pak file info (ChunkID:-1 Root:root:/ File:C:/Program Files/Epic Games/UE_4.27/FeaturePacks/TP_VehicleAdvBP.upack)
[2022.11.12-21.03.56:691][  0]LogPakFile: OnPakFileMounted2Time == 0.000034
[2022.11.12-21.03.56:691][  0]LogPakFile: PakFile PrimaryIndexSize=185
[2022.11.12-21.03.56:691][  0]LogPakFile: PakFile PathHashIndexSize=101
[2022.11.12-21.03.56:691][  0]LogPakFile: PakFile FullDirectoryIndexSize=144
[2022.11.12-21.03.56:691][  0]LogShaderLibrary: Display: ShaderCodeLibraryPakFileMountedCallback: PakFile 'C:/Program Files/Epic Games/UE_4.27/FeaturePacks/TP_VehicleBP.upack' (chunk index -1, root 'root:/') mounted
[2022.11.12-21.03.56:691][  0]LogShaderLibrary: Display: ShaderCodeLibraryPakFileMountedCallback: pending pak file info (ChunkID:-1 Root:root:/ File:C:/Program Files/Epic Games/UE_4.27/FeaturePacks/TP_VehicleBP.upack)
[2022.11.12-21.03.56:691][  0]LogPakFile: OnPakFileMounted2Time == 0.000033
[2022.11.12-21.03.56:692][  0]LogPakFile: PakFile PrimaryIndexSize=192
[2022.11.12-21.03.56:692][  0]LogPakFile: PakFile PathHashIndexSize=101
[2022.11.12-21.03.56:692][  0]LogPakFile: PakFile FullDirectoryIndexSize=158
[2022.11.12-21.03.56:692][  0]LogShaderLibrary: Display: ShaderCodeLibraryPakFileMountedCallback: PakFile 'C:/Program Files/Epic Games/UE_4.27/FeaturePacks/TP_VirtualRealityBP.upack' (chunk index -1, root 'root:/') mounted
[2022.11.12-21.03.56:692][  0]LogShaderLibrary: Display: ShaderCodeLibraryPakFileMountedCallback: pending pak file info (ChunkID:-1 Root:root:/ File:C:/Program Files/Epic Games/UE_4.27/FeaturePacks/TP_VirtualRealityBP.upack)
[2022.11.12-21.03.56:692][  0]LogPakFile: OnPakFileMounted2Time == 0.000034
[2022.11.12-21.03.56:767][  0]LogNativeClassHierarchy: Verbose: Native class hierarchy updated for 'AddContentDialog' in 0.0003 seconds. Added 0 classes and 0 folders.
[2022.11.12-21.03.56:768][  0]LogNativeClassHierarchy: Verbose: Native class hierarchy updated for 'SceneOutliner' in 0.0003 seconds. Added 2 classes and 0 folders.
[2022.11.12-21.03.56:797][  0]LogSlate: Took 0.000221 seconds to synchronously load lazily loaded font '../../../Engine/Content/Slate/Fonts/Roboto-Regular.ttf' (155K)
[2022.11.12-21.03.56:798][  0]LogSlate: Took 0.000207 seconds to synchronously load lazily loaded font '../../../Engine/Content/Editor/Slate/Fonts/FontAwesome.ttf' (139K)
[2022.11.12-21.03.56:799][  0]LogSlate: Took 0.000191 seconds to synchronously load lazily loaded font '../../../Engine/Content/Slate/Fonts/Roboto-Bold.ttf' (160K)
[2022.11.12-21.03.56:880][  0]LogRenderer: Reallocating scene render targets to support 1616x808 Format 10 NumSamples 1 (Frame:1).
[2022.11.12-21.03.56:967][  0]LogNativeClassHierarchy: Verbose: Native class hierarchy updated for 'HierarchicalLODOutliner' in 0.0003 seconds. Added 0 classes and 0 folders.
[2022.11.12-21.03.56:967][  0]LogLoad: (Engine Initialization) Total time: 11.99 seconds
[2022.11.12-21.03.56:967][  0]LogLoad: (Engine Initialization) Total Blueprint compile time: 0.00 seconds
[2022.11.12-21.03.57:020][  0]LogAssetRegistry: Asset discovery search completed in 6.3436 seconds
[2022.11.12-21.03.57:026][  0]LogCollectionManager: Fixed up redirectors for 0 collections in 0.000003 seconds (updated 0 objects)
[2022.11.12-21.03.57:027][  0]LogContentStreaming: Texture pool size now 1000 MB
[2022.11.12-21.03.57:071][  1]LogDirectoryWatcher: Display: A directory notification failed for 'U:/Documents/Unreal Projects/415GameDev_FinalProject/FinalProject415/Content/' because it was empty or there was a buffer overflow. Attemping another request...
[2022.11.12-21.03.57:071][  1]LogDirectoryWatcher: Display: A directory notification failed, and we were unable to create a new request. GetLastError code [87] Handle [00000000000007E4], Path [U:/Documents/Unreal Projects/415GameDev_FinalProject/FinalProject415/Content/] 
[2022.11.12-21.03.57:071][  1]LogDirectoryWatcher: Display: A directory notification failed for 'U:/Documents/Unreal Projects/415GameDev_FinalProject/FinalProject415/Content/' because it was empty or there was a buffer overflow. Attemping another request...
[2022.11.12-21.03.57:072][  1]LogDirectoryWatcher: Display: A directory notification failed, and we were unable to create a new request. GetLastError code [87] Handle [0000000000000ED4], Path [U:/Documents/Unreal Projects/415GameDev_FinalProject/FinalProject415/Content/] 
[2022.11.12-21.03.57:072][  1]LogDirectoryWatcher: Display: A directory notification failed for 'U:/Documents/Unreal Projects/415GameDev_FinalProject/FinalProject415/Saved/Collections/' because it was empty or there was a buffer overflow. Attemping another request...
[2022.11.12-21.03.57:073][  1]LogDirectoryWatcher: Display: A directory notification failed for 'U:/Documents/Unreal Projects/415GameDev_FinalProject/FinalProject415/Content/Developers/harinia3/Collections/' because it was empty or there was a buffer overflow. Attemping another request...
[2022.11.12-21.03.57:073][  1]LogDirectoryWatcher: Display: A directory notification failed for 'U:/Documents/Unreal Projects/415GameDev_FinalProject/FinalProject415/Content/Collections/' because it was empty or there was a buffer overflow. Attemping another request...
[2022.11.12-21.03.57:074][  1]LogDirectoryWatcher: Display: A directory notification failed for 'U:/Documents/Unreal Projects/415GameDev_FinalProject/FinalProject415/Saved/Collections/' because it was empty or there was a buffer overflow. Attemping another request...
[2022.11.12-21.03.57:074][  1]LogDirectoryWatcher: Display: A directory notification failed, and we were unable to create a new request. GetLastError code [87] Handle [0000000000001428], Path [U:/Documents/Unreal Projects/415GameDev_FinalProject/FinalProject415/Saved/Collections/] 
[2022.11.12-21.03.57:074][  1]LogDirectoryWatcher: Display: A directory notification failed for 'U:/Documents/Unreal Projects/415GameDev_FinalProject/FinalProject415/Content/Developers/harinia3/Collections/' because it was empty or there was a buffer overflow. Attemping another request...
[2022.11.12-21.03.57:074][  1]LogDirectoryWatcher: Display: A directory notification failed, and we were unable to create a new request. GetLastError code [87] Handle [0000000000001430], Path [U:/Documents/Unreal Projects/415GameDev_FinalProject/FinalProject415/Content/Developers/harinia3/Collections/] 
[2022.11.12-21.03.57:075][  1]LogDirectoryWatcher: Display: A directory notification failed for 'U:/Documents/Unreal Projects/415GameDev_FinalProject/FinalProject415/Content/Collections/' because it was empty or there was a buffer overflow. Attemping another request...
[2022.11.12-21.03.57:075][  1]LogDirectoryWatcher: Display: A directory notification failed, and we were unable to create a new request. GetLastError code [87] Handle [0000000000001438], Path [U:/Documents/Unreal Projects/415GameDev_FinalProject/FinalProject415/Content/Collections/] 
[2022.11.12-21.04.10:619][511]LogUObjectHash: Compacting FUObjectHashTables data took   0.63ms
[2022.11.12-21.04.10:626][511]LogSlate: Took 0.000263 seconds to synchronously load lazily loaded font '../../../Engine/Content/Slate/Fonts/Roboto-Light.ttf' (167K)
[2022.11.12-21.04.14:375][511]LogTexture: Default maximum texture size for cubemaps generated from long-lat sources has been changed from 512 to unlimited. In order to preserve old behaiour for '/Engine/MapTemplates/Sky/SunsetAmbientCubemap.SunsetAmbientCubemap', its maximum texture size has been explicitly set to 512.
[2022.11.12-21.04.15:104][511]LogTexture: Display: Building textures: DeprecatedTextureEB9CBE3C423008B5E8E130901E171C89 (BGRA8, 128X128)
[2022.11.12-21.04.15:236][511]LogAssetEditorSubsystem: Opening Asset editor for World /Game/EF_FirstFloor/Maps/FirstFloor.FirstFloor
[2022.11.12-21.04.15:237][511]Cmd: MAP LOAD FILE="U:/Documents/Unreal Projects/415GameDev_FinalProject/FinalProject415/Content/EF_FirstFloor/Maps/FirstFloor.umap" TEMPLATE=0 SHOWPROGRESS=1 FEATURELEVEL=3
[2022.11.12-21.04.15:237][511]LightingResults: New page: Lighting Build
[2022.11.12-21.04.15:237][511]LoadErrors: New page: Loading map: FirstFloor.umap
[2022.11.12-21.04.15:247][511]LogWorld: UWorld::CleanupWorld for FirstPersonExampleMap, bSessionEnded=true, bCleanupResources=true
[2022.11.12-21.04.15:247][511]LogSlate: InvalidateAllWidgets triggered.  All widgets were invalidated
[2022.11.12-21.04.15:247][511]MapCheck: New page: Map Check
[2022.11.12-21.04.15:247][511]LightingResults: New page: Lighting Build
[2022.11.12-21.04.15:260][511]LogAudio: Display: Audio Device unregistered from world 'None'.
[2022.11.12-21.04.15:263][511]LogUObjectHash: Compacting FUObjectHashTables data took   1.15ms
[2022.11.12-21.04.15:264][511]LogAudio: Display: Audio Device (ID: 1) registered with world 'FirstFloor'.
[2022.11.12-21.04.15:293][511]LogEditorServer: Finished looking for orphan Actors (0.000 secs)
[2022.11.12-21.04.15:293][511]LogAIModule: Creating AISystem for world FirstFloor
[2022.11.12-21.04.15:309][511]LogUObjectHash: Compacting FUObjectHashTables data took   1.41ms
[2022.11.12-21.04.15:325][511]Cmd: MAP CHECKDEP NOCLEARLOG
[2022.11.12-21.04.15:326][511]MapCheck: Map check complete: 0 Error(s), 0 Warning(s), took 0.377ms to complete.
[2022.11.12-21.04.15:326][511]LogFileHelpers: Loading map 'FirstFloor' took 0.089
